This is pdfTeX, Version 3.14159265-2.6-1.40.21 (TeX Live 2020/Arch Linux) (preloaded format=pdflatex 2020.10.9)  12 OCT 2020 15:30
entering extended mode
 restricted \write18 enabled.
 %&-line parsing enabled.
**refman
(./refman.tex
LaTeX2e <2020-02-02> patch level 5
L3 programming layer <2020-06-03>
(/usr/share/texmf-dist/tex/latex/base/book.cls
Document Class: book 2019/12/20 v1.4l Standard LaTeX document class
(/usr/share/texmf-dist/tex/latex/base/bk10.clo
File: bk10.clo 2019/12/20 v1.4l Standard LaTeX file (size option)
)
\c@part=\count167
\c@chapter=\count168
\c@section=\count169
\c@subsection=\count170
\c@subsubsection=\count171
\c@paragraph=\count172
\c@subparagraph=\count173
\c@figure=\count174
\c@table=\count175
\abovecaptionskip=\skip47
\belowcaptionskip=\skip48
\bibindent=\dimen134
)
(/usr/share/texmf-dist/tex/latex/base/ifthen.sty
Package: ifthen 2014/09/29 v1.1c Standard LaTeX ifthen package (DPC)
)
(/usr/share/texmf-dist/tex/latex/tools/array.sty
Rollback for package 'array' requested -> date 2016-10-06.
         Best approximation is the release introduced on 2016-10-06.

(/usr/share/texmf-dist/tex/latex/tools/array-2016-10-06.sty
Package: array 2016/10/06 v2.4d Tabular extension package (FMi)
\col@sep=\dimen135
\extrarowheight=\dimen136
\NC@list=\toks15
\extratabsurround=\skip49
\backup@length=\skip50
))
(/usr/share/texmf-dist/tex/latex/base/fixltx2e.sty
Package: fixltx2e 2016/12/29 v2.1a fixes to LaTeX (obsolete)
Applying: [2015/01/01] Old fixltx2e package on input line 46.


Package fixltx2e Warning: fixltx2e is not required with releases after 2015
(fixltx2e)                All fixes are now in the LaTeX kernel.
(fixltx2e)                See the latexrelease package for details.

Already applied: [0000/00/00] Old fixltx2e package on input line 53.
) (/usr/share/texmf-dist/tex/latex/tools/calc.sty
Package: calc 2017/05/25 v4.3 Infix arithmetic (KKT,FJ)
\calc@Acount=\count176
\calc@Bcount=\count177
\calc@Adimen=\dimen137
\calc@Bdimen=\dimen138
\calc@Askip=\skip51
\calc@Bskip=\skip52
LaTeX Info: Redefining \setlength on input line 80.
LaTeX Info: Redefining \addtolength on input line 81.
\calc@Ccount=\count178
\calc@Cskip=\skip53
) (./doxygen.sty
Package: doxygen 

(/usr/share/texmf-dist/tex/latex/base/alltt.sty
Package: alltt 1997/06/16 v2.0g defines alltt environment
)
(/usr/share/texmf-dist/tex/latex/float/float.sty
Package: float 2001/11/08 v1.3d Float enhancements (AL)
\c@float@type=\count179
\float@exts=\toks16
\float@box=\box45
\@float@everytoks=\toks17
\@floatcapt=\box46
)
(/usr/share/texmf-dist/tex/latex/tools/verbatim.sty
Package: verbatim 2019/11/10 v1.5r LaTeX2e package for verbatim enhancements
\every@verbatim=\toks18
\verbatim@line=\toks19
\verbatim@in@stream=\read2
)
(/usr/share/texmf-dist/tex/latex/xcolor/xcolor.sty
Package: xcolor 2016/05/11 v2.12 LaTeX color extensions (UK)

(/usr/share/texmf-dist/tex/latex/graphics-cfg/color.cfg
File: color.cfg 2016/01/02 v1.6 sample color configuration
)
Package xcolor Info: Driver file: pdftex.def on input line 225.

(/usr/share/texmf-dist/tex/latex/graphics-def/pdftex.def
File: pdftex.def 2018/01/08 v1.0l Graphics/color driver for pdftex
)
(/usr/share/texmf-dist/tex/latex/colortbl/colortbl.sty
Package: colortbl 2020/01/04 v1.0e Color table columns (DPC)
\everycr=\toks20
\minrowclearance=\skip54
)
\rownum=\count180
Package xcolor Info: Model `cmy' substituted by `cmy0' on input line 1348.
Package xcolor Info: Model `hsb' substituted by `rgb' on input line 1352.
Package xcolor Info: Model `RGB' extended on input line 1364.
Package xcolor Info: Model `HTML' substituted by `rgb' on input line 1366.
Package xcolor Info: Model `Hsb' substituted by `hsb' on input line 1367.
Package xcolor Info: Model `tHsb' substituted by `hsb' on input line 1368.
Package xcolor Info: Model `HSB' substituted by `hsb' on input line 1369.
Package xcolor Info: Model `Gray' substituted by `gray' on input line 1370.
Package xcolor Info: Model `wave' substituted by `hsb' on input line 1371.
)
(./longtable_doxygen.sty
Package: longtable_doxygen 2014/10/28 v4.11 Multi-page Table package (DPC) - fr
ozen version for doxygen
\LTleft=\skip55
\LTright=\skip56
\LTpre=\skip57
\LTpost=\skip58
\LTchunksize=\count181
\LTcapwidth=\dimen139
\LT@head=\box47
\LT@firsthead=\box48
\LT@foot=\box49
\LT@lastfoot=\box50
\LT@cols=\count182
\LT@rows=\count183
\c@LT@tables=\count184
\c@LT@chunks=\count185
\LT@p@ftn=\toks21
) (./tabu_doxygen.sty
Package: tabu_doxygen 2011/02/26 v2.8 - flexible LaTeX tabulars (FC), frozen ve
rsion for doxygen

(/usr/share/texmf-dist/tex/latex/varwidth/varwidth.sty
Package: varwidth 2009/03/30 ver 0.92;  Variable-width minipages
\@vwid@box=\box51
\sift@deathcycles=\count186
\@vwid@loff=\dimen140
\@vwid@roff=\dimen141
)
\c@taburow=\count187
\tabu@nbcols=\count188
\tabu@cnt=\count189
\tabu@Xcol=\count190
\tabu@alloc=\count191
\tabu@nested=\count192
\tabu@target=\dimen142
\tabu@spreadtarget=\dimen143
\tabu@naturalX=\dimen144
\tabucolX=\dimen145
\tabu@Xsum=\dimen146
\extrarowdepth=\dimen147
\abovetabulinesep=\dimen148
\belowtabulinesep=\dimen149
\tabustrutrule=\dimen150
\tabu@thebody=\toks22
\tabu@footnotes=\toks23
\tabu@box=\box52
\tabu@arstrutbox=\box53
\tabu@hleads=\box54
\tabu@vleads=\box55
\tabu@cellskip=\skip59
)
(/usr/share/texmf-dist/tex/latex/fancyvrb/fancyvrb.sty
Package: fancyvrb 2020/05/03 v3.6 verbatim text (tvz,hv)

(/usr/share/texmf-dist/tex/latex/graphics/keyval.sty
Package: keyval 2014/10/28 v1.15 key=value parser (DPC)
\KV@toks@=\toks24
)
\FV@CodeLineNo=\count193
\FV@InFile=\read3
\FV@TabBox=\box56
\c@FancyVerbLine=\count194
\FV@StepNumber=\count195
\FV@OutFile=\write3
)
(/usr/share/texmf-dist/tex/latex/tools/tabularx.sty
Package: tabularx 2020/01/15 v2.11c `tabularx' package (DPC)
\TX@col@width=\dimen151
\TX@old@table=\dimen152
\TX@old@col=\dimen153
\TX@target=\dimen154
\TX@delta=\dimen155
\TX@cols=\count196
\TX@ftn=\toks25
)
(/usr/share/texmf-dist/tex/latex/multirow/multirow.sty
Package: multirow 2019/05/31 v2.5 Span multiple rows of a table
\multirow@colwidth=\skip60
\multirow@cntb=\count197
\multirow@dima=\skip61
\bigstrutjot=\dimen156
)
(/usr/share/texmf-dist/tex/latex/hanging/hanging.sty
Package: hanging 2009/09/02 v1.2b hanging paragraphs and punctuation
\h@ngcommawd=\skip62
\h@ngfstopwd=\skip63
\h@ngquotewd=\skip64
\h@ngdquotewd=\skip65
\h@ngquerywd=\skip66
\h@ngexclwd=\skip67
\h@ngcolonwd=\skip68
\h@ngscolonwd=\skip69
)
(/usr/share/texmf-dist/tex/generic/iftex/ifpdf.sty
Package: ifpdf 2019/10/25 v3.4 ifpdf legacy package. Use iftex instead.

(/usr/share/texmf-dist/tex/generic/iftex/iftex.sty
Package: iftex 2020/03/06 v1.0d TeX engine tests
))
(/usr/share/texmf-dist/tex/latex/adjustbox/adjustbox.sty
Package: adjustbox 2019/01/04 v1.2 Adjusting TeX boxes (trim, clip, ...)

(/usr/share/texmf-dist/tex/latex/xkeyval/xkeyval.sty
Package: xkeyval 2014/12/03 v2.7a package option processing (HA)

(/usr/share/texmf-dist/tex/generic/xkeyval/xkeyval.tex
(/usr/share/texmf-dist/tex/generic/xkeyval/xkvutils.tex
\XKV@toks=\toks26
\XKV@tempa@toks=\toks27
)
\XKV@depth=\count198
File: xkeyval.tex 2014/12/03 v2.7a key=value parser (HA)
))
(/usr/share/texmf-dist/tex/latex/adjustbox/adjcalc.sty
Package: adjcalc 2012/05/16 v1.1 Provides advanced setlength with multiple back
-ends (calc, etex, pgfmath)
)
(/usr/share/texmf-dist/tex/latex/adjustbox/trimclip.sty
Package: trimclip 2018/04/08 v1.1 Trim and clip general TeX material

(/usr/share/texmf-dist/tex/latex/graphics/graphicx.sty
Package: graphicx 2019/11/30 v1.2a Enhanced LaTeX Graphics (DPC,SPQR)

(/usr/share/texmf-dist/tex/latex/graphics/graphics.sty
Package: graphics 2019/11/30 v1.4a Standard LaTeX Graphics (DPC,SPQR)

(/usr/share/texmf-dist/tex/latex/graphics/trig.sty
Package: trig 2016/01/03 v1.10 sin cos tan (DPC)
)
(/usr/share/texmf-dist/tex/latex/graphics-cfg/graphics.cfg
File: graphics.cfg 2016/06/04 v1.11 sample graphics configuration
)
Package graphics Info: Driver file: pdftex.def on input line 105.
)
\Gin@req@height=\dimen157
\Gin@req@width=\dimen158
)
(/usr/share/texmf-dist/tex/latex/collectbox/collectbox.sty
Package: collectbox 2012/05/17 v0.4b Collect macro arguments as boxes
\collectedbox=\box57
)
\tc@llx=\dimen159
\tc@lly=\dimen160
\tc@urx=\dimen161
\tc@ury=\dimen162
Package trimclip Info: Using driver 'tc-pdftex.def'.

(/usr/share/texmf-dist/tex/latex/adjustbox/tc-pdftex.def
File: tc-pdftex.def 2019/01/04 v2.2 Clipping driver for pdftex
))
\adjbox@Width=\dimen163
\adjbox@Height=\dimen164
\adjbox@Depth=\dimen165
\adjbox@Totalheight=\dimen166
\adjbox@pwidth=\dimen167
\adjbox@pheight=\dimen168
\adjbox@pdepth=\dimen169
\adjbox@ptotalheight=\dimen170

(/usr/share/texmf-dist/tex/latex/ifoddpage/ifoddpage.sty
Package: ifoddpage 2016/04/23 v1.1 Conditionals for odd/even page detection
\c@checkoddpage=\count199
))
(/usr/share/texmf-dist/tex/latex/amsfonts/amssymb.sty
Package: amssymb 2013/01/14 v3.01 AMS font symbols

(/usr/share/texmf-dist/tex/latex/amsfonts/amsfonts.sty
Package: amsfonts 2013/01/14 v3.01 Basic AMSFonts support
\@emptytoks=\toks28
\symAMSa=\mathgroup4
\symAMSb=\mathgroup5
LaTeX Font Info:    Redeclaring math symbol \hbar on input line 98.
LaTeX Font Info:    Overwriting math alphabet `\mathfrak' in version `bold'
(Font)                  U/euf/m/n --> U/euf/b/n on input line 106.
))
(/usr/share/texmf-dist/tex/latex/stackengine/stackengine.sty
Package: stackengine 2017/02/13 v4.01\ Stacking text and objects in convenient 
ways

(/usr/share/texmf-dist/tex/latex/etoolbox/etoolbox.sty
Package: etoolbox 2019/09/21 v2.5h e-TeX tools for LaTeX (JAW)
\etb@tempcnta=\count266
)
(/usr/share/texmf-dist/tex/generic/listofitems/listofitems.sty
(/usr/share/texmf-dist/tex/generic/listofitems/listofitems.tex
\loi_cnt_foreach_nest=\count267
\loi_nestcnt=\count268
)
Package: listofitems 2019/08/21 v1.63 Grab items in lists using user-specified 
sep char (CT)
)
\c@@stackindex=\count269
\@boxshift=\skip70
\stack@tmplength=\skip71
\temp@stkl=\skip72
\@stackedboxwidth=\skip73
\@addedbox=\box58
\@anchorbox=\box59
\stackedbox=\box60
\@centerbox=\box61
\c@ROWcellindex@=\count270
)
(/usr/share/texmf-dist/tex/generic/ulem/ulem.sty
\UL@box=\box62
\UL@hyphenbox=\box63
\UL@skip=\skip74
\UL@hook=\toks29
\UL@height=\dimen171
\UL@pe=\count271
\UL@pixel=\dimen172
\ULC@box=\box64
Package: ulem 2019/11/18
\ULdepth=\dimen173
)
\xrefbox=\box65
\xreflength=\skip75
\CodeWidthChar=\skip76
\CodeHeightChar=\skip77
\DoxyCodeWidth=\skip78
)
(/usr/share/texmf-dist/tex/latex/base/inputenc.sty
Package: inputenc 2018/08/11 v1.3c Input encoding file
\inpenc@prehook=\toks30
\inpenc@posthook=\toks31
)
(/usr/share/texmf-dist/tex/latex/base/makeidx.sty
Package: makeidx 2014/09/29 v1.0m Standard LaTeX package
)
(/usr/share/texmf-dist/tex/latex/tools/multicol.sty
Package: multicol 2019/12/09 v1.8y multicolumn formatting (FMi)
\c@tracingmulticols=\count272
\mult@box=\box66
\multicol@leftmargin=\dimen174
\c@unbalance=\count273
\c@collectmore=\count274
\doublecol@number=\count275
\multicoltolerance=\count276
\multicolpretolerance=\count277
\full@width=\dimen175
\page@free=\dimen176
\premulticols=\dimen177
\postmulticols=\dimen178
\multicolsep=\skip79
\multicolbaselineskip=\skip80
\partial@page=\box67
\last@line=\box68
\maxbalancingoverflow=\dimen179
\mult@rightbox=\box69
\mult@grightbox=\box70
\mult@gfirstbox=\box71
\mult@firstbox=\box72
\@tempa=\box73
\@tempa=\box74
\@tempa=\box75
\@tempa=\box76
\@tempa=\box77
\@tempa=\box78
\@tempa=\box79
\@tempa=\box80
\@tempa=\box81
\@tempa=\box82
\@tempa=\box83
\@tempa=\box84
\@tempa=\box85
\@tempa=\box86
\@tempa=\box87
\@tempa=\box88
\@tempa=\box89
\@tempa=\box90
\@tempa=\box91
\@tempa=\box92
\@tempa=\box93
\@tempa=\box94
\@tempa=\box95
\@tempa=\box96
\@tempa=\box97
\@tempa=\box98
\@tempa=\box99
\@tempa=\box100
\@tempa=\box101
\@tempa=\box102
\@tempa=\box103
\@tempa=\box104
\@tempa=\box105
\@tempa=\box106
\@tempa=\box107
\@tempa=\box108
\@tempa=\box109
\c@minrows=\count278
\c@columnbadness=\count279
\c@finalcolumnbadness=\count280
\last@try=\dimen180
\multicolovershoot=\dimen181
\multicolundershoot=\dimen182
\mult@nat@firstbox=\box110
\colbreak@box=\box111
\mc@col@check@num=\count281
)
(/usr/share/texmf-dist/tex/latex/base/textcomp.sty
Package: textcomp 2020/02/02 v2.0n Standard LaTeX package
)
(/usr/share/texmf-dist/tex/latex/wasysym/wasysym.sty
Package: wasysym 2020/01/19 v2.4 Wasy-2 symbol support package
\symwasy=\mathgroup6
LaTeX Font Info:    Overwriting symbol font `wasy' in version `bold'
(Font)                  U/wasy/m/n --> U/wasy/b/n on input line 93.
)
(/usr/share/texmf-dist/tex/generic/iftex/ifxetex.sty
Package: ifxetex 2019/10/25 v0.7 ifxetex legacy package. Use iftex instead.
)
(/usr/share/texmf-dist/tex/latex/cjk/texinput/CJKutf8.sty
Package: CJKutf8 2015/04/18 4.8.4

(/usr/share/texmf-dist/tex/latex/cjk/texinput/CJK.sty
Package: CJK 2015/04/18 4.8.4

(/usr/share/texmf-dist/tex/latex/cjk/texinput/mule/MULEenc.sty
Package: MULEenc 2015/04/18 4.8.4
)
(/usr/share/texmf-dist/tex/latex/cjk/texinput/CJK.enc
File: CJK.enc 2015/04/18 4.8.4
Now handling font encoding C00 ...
... no UTF-8 mapping file for font encoding C00
Now handling font encoding C05 ...
... no UTF-8 mapping file for font encoding C05
Now handling font encoding C09 ...
... no UTF-8 mapping file for font encoding C09
Now handling font encoding C10 ...
... no UTF-8 mapping file for font encoding C10
Now handling font encoding C20 ...
... no UTF-8 mapping file for font encoding C20
Now handling font encoding C19 ...
... no UTF-8 mapping file for font encoding C19
Now handling font encoding C40 ...
... no UTF-8 mapping file for font encoding C40
Now handling font encoding C42 ...
... no UTF-8 mapping file for font encoding C42
Now handling font encoding C43 ...
... no UTF-8 mapping file for font encoding C43
Now handling font encoding C50 ...
... no UTF-8 mapping file for font encoding C50
Now handling font encoding C52 ...
... no UTF-8 mapping file for font encoding C52
Now handling font encoding C49 ...
... no UTF-8 mapping file for font encoding C49
Now handling font encoding C60 ...
... no UTF-8 mapping file for font encoding C60
Now handling font encoding C61 ...
... no UTF-8 mapping file for font encoding C61
Now handling font encoding C63 ...
... no UTF-8 mapping file for font encoding C63
Now handling font encoding C64 ...
... no UTF-8 mapping file for font encoding C64
Now handling font encoding C65 ...
... no UTF-8 mapping file for font encoding C65
Now handling font encoding C70 ...
... no UTF-8 mapping file for font encoding C70
Now handling font encoding C31 ...
... no UTF-8 mapping file for font encoding C31
Now handling font encoding C32 ...
... no UTF-8 mapping file for font encoding C32
Now handling font encoding C33 ...
... no UTF-8 mapping file for font encoding C33
Now handling font encoding C34 ...
... no UTF-8 mapping file for font encoding C34
Now handling font encoding C35 ...
... no UTF-8 mapping file for font encoding C35
Now handling font encoding C36 ...
... no UTF-8 mapping file for font encoding C36
Now handling font encoding C37 ...
... no UTF-8 mapping file for font encoding C37
Now handling font encoding C80 ...
... no UTF-8 mapping file for font encoding C80
Now handling font encoding C81 ...
... no UTF-8 mapping file for font encoding C81
Now handling font encoding C01 ...
... no UTF-8 mapping file for font encoding C01
Now handling font encoding C11 ...
... no UTF-8 mapping file for font encoding C11
Now handling font encoding C21 ...
... no UTF-8 mapping file for font encoding C21
Now handling font encoding C41 ...
... no UTF-8 mapping file for font encoding C41
Now handling font encoding C62 ...
... no UTF-8 mapping file for font encoding C62
)
LaTeX Info: Redefining \selectfont on input line 755.
\CJK@indent=\box112
)
(/usr/share/texmf-dist/tex/latex/base/fontenc.sty
Package: fontenc 2020/02/11 v2.0o Standard LaTeX package
))
(/usr/share/texmf-dist/tex/latex/psnfss/helvet.sty
Package: helvet 2020/03/25 PSNFSS-v9.3 (WaS) 
)
(/usr/share/texmf-dist/tex/latex/psnfss/courier.sty
Package: courier 2020/03/25 PSNFSS-v9.3 (WaS) 
)
(/usr/share/texmf-dist/tex/latex/sectsty/sectsty.sty
Package: sectsty 2002/02/25 v2.0.2 Commands to change all sectional heading sty
les


LaTeX Warning: Command \underbar  has changed.
               Check if current package is valid.


LaTeX Warning: Command \underline  has changed.
               Check if current package is valid.

) (/usr/share/texmf-dist/tex/latex/geometry/geometry.sty
Package: geometry 2020/01/02 v5.9 Page Geometry

(/usr/share/texmf-dist/tex/generic/iftex/ifvtex.sty
Package: ifvtex 2019/10/25 v1.7 ifvtex legacy package. Use iftex instead.
)
\Gm@cnth=\count282
\Gm@cntv=\count283
\c@Gm@tempcnt=\count284
\Gm@bindingoffset=\dimen183
\Gm@wd@mp=\dimen184
\Gm@odd@mp=\dimen185
\Gm@even@mp=\dimen186
\Gm@layoutwidth=\dimen187
\Gm@layoutheight=\dimen188
\Gm@layouthoffset=\dimen189
\Gm@layoutvoffset=\dimen190
\Gm@dimlist=\toks32
)
(/usr/share/texmf-dist/tex/latex/fancyhdr/fancyhdr.sty
Package: fancyhdr 2019/01/31 v3.10 Extensive control of page headers and footer
s
\f@nch@headwidth=\skip81
\f@nch@O@elh=\skip82
\f@nch@O@erh=\skip83
\f@nch@O@olh=\skip84
\f@nch@O@orh=\skip85
\f@nch@O@elf=\skip86
\f@nch@O@erf=\skip87
\f@nch@O@olf=\skip88
\f@nch@O@orf=\skip89
)
(/usr/share/texmf-dist/tex/latex/natbib/natbib.sty
Package: natbib 2010/09/13 8.31b (PWD, AO)
\bibhang=\skip90
\bibsep=\skip91
LaTeX Info: Redefining \cite on input line 694.
\c@NAT@ctr=\count285
)
(/usr/share/texmf-dist/tex/latex/tocloft/tocloft.sty
Package: tocloft 2017/08/31 v2.3i parameterised ToC, etc., typesetting
Package tocloft Info: The document has chapter divisions on input line 51.
\cftparskip=\skip92
\cftbeforetoctitleskip=\skip93
\cftaftertoctitleskip=\skip94
\cftbeforepartskip=\skip95
\cftpartnumwidth=\skip96
\cftpartindent=\skip97
\cftbeforechapskip=\skip98
\cftchapindent=\skip99
\cftchapnumwidth=\skip100
\cftbeforesecskip=\skip101
\cftsecindent=\skip102
\cftsecnumwidth=\skip103
\cftbeforesubsecskip=\skip104
\cftsubsecindent=\skip105
\cftsubsecnumwidth=\skip106
\cftbeforesubsubsecskip=\skip107
\cftsubsubsecindent=\skip108
\cftsubsubsecnumwidth=\skip109
\cftbeforeparaskip=\skip110
\cftparaindent=\skip111
\cftparanumwidth=\skip112
\cftbeforesubparaskip=\skip113
\cftsubparaindent=\skip114
\cftsubparanumwidth=\skip115
\cftbeforeloftitleskip=\skip116
\cftafterloftitleskip=\skip117
\cftbeforefigskip=\skip118
\cftfigindent=\skip119
\cftfignumwidth=\skip120
\c@lofdepth=\count286
\c@lotdepth=\count287
\cftbeforelottitleskip=\skip121
\cftafterlottitleskip=\skip122
\cftbeforetabskip=\skip123
\cfttabindent=\skip124
\cfttabnumwidth=\skip125
)
\@indexfile=\write4

Writing index file refman.idx
(/usr/share/texmf-dist/tex/latex/newunicodechar/newunicodechar.sty
Package: newunicodechar 2018/04/08 v1.2 Defining Unicode characters
)

Package newunicodechar Warning: Redefining Unicode character on input line 118.



Package newunicodechar Warning: Redefining Unicode character on input line 119.


(/usr/share/texmf-dist/tex/latex/hyperref/hyperref.sty
Package: hyperref 2020-05-15 v7.00e Hypertext links for LaTeX

(/usr/share/texmf-dist/tex/generic/ltxcmds/ltxcmds.sty
Package: ltxcmds 2019/12/15 v1.24 LaTeX kernel commands for general use (HO)
)
(/usr/share/texmf-dist/tex/latex/pdftexcmds/pdftexcmds.sty
Package: pdftexcmds 2020-06-04 v0.32 Utility functions of pdfTeX for LuaTeX (HO
)

(/usr/share/texmf-dist/tex/generic/infwarerr/infwarerr.sty
Package: infwarerr 2019/12/03 v1.5 Providing info/warning/error messages (HO)
)
Package pdftexcmds Info: \pdf@primitive is available.
Package pdftexcmds Info: \pdf@ifprimitive is available.
Package pdftexcmds Info: \pdfdraftmode found.
)
(/usr/share/texmf-dist/tex/generic/kvsetkeys/kvsetkeys.sty
Package: kvsetkeys 2019/12/15 v1.18 Key value parser (HO)
)
(/usr/share/texmf-dist/tex/generic/kvdefinekeys/kvdefinekeys.sty
Package: kvdefinekeys 2019-12-19 v1.6 Define keys (HO)
)
(/usr/share/texmf-dist/tex/generic/pdfescape/pdfescape.sty
Package: pdfescape 2019/12/09 v1.15 Implements pdfTeX's escape features (HO)
)
(/usr/share/texmf-dist/tex/latex/hycolor/hycolor.sty
Package: hycolor 2020-01-27 v1.10 Color options for hyperref/bookmark (HO)
)
(/usr/share/texmf-dist/tex/latex/letltxmacro/letltxmacro.sty
Package: letltxmacro 2019/12/03 v1.6 Let assignment for LaTeX macros (HO)
)
(/usr/share/texmf-dist/tex/latex/auxhook/auxhook.sty
Package: auxhook 2019-12-17 v1.6 Hooks for auxiliary files (HO)
)
(/usr/share/texmf-dist/tex/latex/kvoptions/kvoptions.sty
Package: kvoptions 2019/11/29 v3.13 Key value format for package options (HO)
)
\@linkdim=\dimen191
\Hy@linkcounter=\count288
\Hy@pagecounter=\count289

(/usr/share/texmf-dist/tex/latex/hyperref/pd1enc.def
File: pd1enc.def 2020-05-15 v7.00e Hyperref: PDFDocEncoding definition (HO)
Now handling font encoding PD1 ...
... no UTF-8 mapping file for font encoding PD1
)
(/usr/share/texmf-dist/tex/generic/intcalc/intcalc.sty
Package: intcalc 2019/12/15 v1.3 Expandable calculations with integers (HO)
)
(/usr/share/texmf-dist/tex/generic/etexcmds/etexcmds.sty
Package: etexcmds 2019/12/15 v1.7 Avoid name clashes with e-TeX commands (HO)
)
\Hy@SavedSpaceFactor=\count290
Package hyperref Info: Hyper figures OFF on input line 4464.
Package hyperref Info: Link nesting OFF on input line 4469.
Package hyperref Info: Hyper index ON on input line 4472.
Package hyperref Info: Plain pages OFF on input line 4479.
Package hyperref Info: Backreferencing ON on input line 4482.
Package hyperref Info: Implicit mode ON; LaTeX internals redefined.
Package hyperref Info: Bookmarks ON on input line 4717.

(/usr/share/texmf-dist/tex/latex/hyperref/backref.sty
Package: backref 2020/01/14 v1.40 Bibliographical back referencing

(/usr/share/texmf-dist/tex/latex/rerunfilecheck/rerunfilecheck.sty
Package: rerunfilecheck 2019/12/05 v1.9 Rerun checks for auxiliary files (HO)

(/usr/share/texmf-dist/tex/latex/atveryend/atveryend.sty
Package: atveryend 2019-12-11 v1.11 Hooks at the very end of document (HO)
)
(/usr/share/texmf-dist/tex/generic/uniquecounter/uniquecounter.sty
Package: uniquecounter 2019/12/15 v1.4 Provide unlimited unique counter (HO)

(/usr/share/texmf-dist/tex/generic/bigintcalc/bigintcalc.sty
Package: bigintcalc 2019/12/15 v1.5 Expandable calculations on big integers (HO
)
))
Package uniquecounter Info: New unique counter `rerunfilecheck' on input line 2
86.
))
\c@Hy@tempcnt=\count291

(/usr/share/texmf-dist/tex/latex/url/url.sty
\Urlmuskip=\muskip16
Package: url 2013/09/16  ver 3.4  Verb mode for urls, etc.
)
LaTeX Info: Redefining \url on input line 5076.
\XeTeXLinkMargin=\dimen192

(/usr/share/texmf-dist/tex/generic/bitset/bitset.sty
Package: bitset 2019/12/09 v1.3 Handle bit-vector datatype (HO)
)
\Fld@menulength=\count292
\Field@Width=\dimen193
\Fld@charsize=\dimen194
Package hyperref Info: Hyper figures OFF on input line 6347.
Package hyperref Info: Link nesting OFF on input line 6352.
Package hyperref Info: Hyper index ON on input line 6355.
Package hyperref Info: backreferencing ON on input line 6360.
Package hyperref Info: Link coloring OFF on input line 6367.
Package hyperref Info: Link coloring with OCG OFF on input line 6372.
Package hyperref Info: PDF/A mode OFF on input line 6377.
LaTeX Info: Redefining \ref on input line 6417.
LaTeX Info: Redefining \pageref on input line 6421.

(/usr/share/texmf-dist/tex/generic/atbegshi/atbegshi.sty
Package: atbegshi 2019/12/05 v1.19 At begin shipout hook (HO)
)
\Hy@abspage=\count293
\c@Item=\count294
\c@Hfootnote=\count295
)
Package hyperref Info: Driver: hpdftex.

(/usr/share/texmf-dist/tex/latex/hyperref/hpdftex.def
File: hpdftex.def 2020-05-15 v7.00e Hyperref driver for pdfTeX
\Fld@listcount=\count296
\c@bookmark@seq@number=\count297
\Hy@SectionHShift=\skip126
)
Package hyperref Info: Option `colorlinks' set `true' on input line 137.
Package hyperref Info: Option `unicode' set `true' on input line 137.

(/usr/share/texmf-dist/tex/latex/hyperref/puenc.def
File: puenc.def 2020-05-15 v7.00e Hyperref: PDF Unicode definition (HO)
Now handling font encoding PU ...
... no UTF-8 mapping file for font encoding PU
)
(/usr/share/texmf-dist/tex/latex/caption/caption.sty
Package: caption 2020/05/10 v3.4j Customizing captions (AR)

(/usr/share/texmf-dist/tex/latex/caption/caption3.sty
Package: caption3 2020/05/10 v1.11 caption3 kernel (AR)
Package caption3 Info: TeX engine: e-TeX on input line 61.
\captionmargin=\dimen195
\captionmargin@=\dimen196
\captionwidth=\dimen197
\caption@tempdima=\dimen198
\caption@indent=\dimen199
\caption@parindent=\dimen256
\caption@hangindent=\dimen257
Package caption Info: Standard document class detected.
)
\c@caption@flags=\count298
\c@continuedfloat=\count299
Package caption Info: float package is loaded.
Package caption Info: hyperref package is loaded.
Package caption Info: longtable package is loaded.

(/usr/share/texmf-dist/tex/latex/caption/ltcaption.sty
Package: ltcaption 2018/08/26 v1.4a longtable captions (AR)
))
(/usr/share/texmf-dist/tex/latex/etoc/etoc.sty
Package: etoc 2020/05/15 v1.09c Completely customisable TOCs (JFB)
\Etoc@toctoks=\toks33
\c@etoc@tocid=\count300
\c@etoc@tocdepth=\count301
\etoc@framed@titlebox=\box113
\etoc@framed@contentsbox=\box114
)
(/usr/share/texmf-dist/tex/latex/l3backend/l3backend-pdfmode.def
File: l3backend-pdfmode.def 2020-06-03 L3 backend support: PDF mode
\l__kernel_color_stack_int=\count302
\l__pdf_internal_box=\box115
) (./refman.aux)
LaTeX Font Info:    Checking defaults for OML/cmm/m/it on input line 152.
LaTeX Font Info:    ... okay on input line 152.
LaTeX Font Info:    Checking defaults for OMS/cmsy/m/n on input line 152.
LaTeX Font Info:    ... okay on input line 152.
LaTeX Font Info:    Checking defaults for OT1/cmr/m/n on input line 152.
LaTeX Font Info:    ... okay on input line 152.
LaTeX Font Info:    Checking defaults for T1/cmr/m/n on input line 152.
LaTeX Font Info:    ... okay on input line 152.
LaTeX Font Info:    Checking defaults for TS1/cmr/m/n on input line 152.
LaTeX Font Info:    ... okay on input line 152.
LaTeX Font Info:    Checking defaults for OMX/cmex/m/n on input line 152.
LaTeX Font Info:    ... okay on input line 152.
LaTeX Font Info:    Checking defaults for U/cmr/m/n on input line 152.
LaTeX Font Info:    ... okay on input line 152.
LaTeX Font Info:    Checking defaults for C00/song/m/n on input line 152.
LaTeX Font Info:    ... okay on input line 152.
LaTeX Font Info:    Checking defaults for C05/song/m/n on input line 152.
LaTeX Font Info:    ... okay on input line 152.
LaTeX Font Info:    Checking defaults for C09/song/m/n on input line 152.
LaTeX Font Info:    ... okay on input line 152.
LaTeX Font Info:    Checking defaults for C10/song/m/n on input line 152.
LaTeX Font Info:    ... okay on input line 152.
LaTeX Font Info:    Checking defaults for C20/song/m/n on input line 152.
LaTeX Font Info:    ... okay on input line 152.
LaTeX Font Info:    Checking defaults for C19/song/m/n on input line 152.
LaTeX Font Info:    ... okay on input line 152.
LaTeX Font Info:    Checking defaults for C40/song/m/n on input line 152.
LaTeX Font Info:    ... okay on input line 152.
LaTeX Font Info:    Checking defaults for C42/song/m/n on input line 152.
LaTeX Font Info:    ... okay on input line 152.
LaTeX Font Info:    Checking defaults for C43/song/m/n on input line 152.
LaTeX Font Info:    ... okay on input line 152.
LaTeX Font Info:    Checking defaults for C50/song/m/n on input line 152.
LaTeX Font Info:    ... okay on input line 152.
LaTeX Font Info:    Checking defaults for C52/song/m/n on input line 152.
LaTeX Font Info:    ... okay on input line 152.
LaTeX Font Info:    Checking defaults for C49/song/m/n on input line 152.
LaTeX Font Info:    ... okay on input line 152.
LaTeX Font Info:    Checking defaults for C60/mj/m/n on input line 152.
LaTeX Font Info:    ... okay on input line 152.
LaTeX Font Info:    Checking defaults for C61/mj/m/n on input line 152.
LaTeX Font Info:    ... okay on input line 152.
LaTeX Font Info:    Checking defaults for C63/mj/m/n on input line 152.
LaTeX Font Info:    ... okay on input line 152.
LaTeX Font Info:    Checking defaults for C64/mj/m/n on input line 152.
LaTeX Font Info:    ... okay on input line 152.
LaTeX Font Info:    Checking defaults for C65/mj/m/n on input line 152.
LaTeX Font Info:    ... okay on input line 152.
LaTeX Font Info:    Checking defaults for C70/song/m/n on input line 152.
LaTeX Font Info:    ... okay on input line 152.
LaTeX Font Info:    Checking defaults for C31/song/m/n on input line 152.
LaTeX Font Info:    ... okay on input line 152.
LaTeX Font Info:    Checking defaults for C32/song/m/n on input line 152.
LaTeX Font Info:    ... okay on input line 152.
LaTeX Font Info:    Checking defaults for C33/song/m/n on input line 152.
LaTeX Font Info:    ... okay on input line 152.
LaTeX Font Info:    Checking defaults for C34/song/m/n on input line 152.
LaTeX Font Info:    ... okay on input line 152.
LaTeX Font Info:    Checking defaults for C35/song/m/n on input line 152.
LaTeX Font Info:    ... okay on input line 152.
LaTeX Font Info:    Checking defaults for C36/song/m/n on input line 152.
LaTeX Font Info:    ... okay on input line 152.
LaTeX Font Info:    Checking defaults for C37/song/m/n on input line 152.
LaTeX Font Info:    ... okay on input line 152.
LaTeX Font Info:    Checking defaults for C80/song/m/n on input line 152.
LaTeX Font Info:    ... okay on input line 152.
LaTeX Font Info:    Checking defaults for C81/song/m/n on input line 152.
LaTeX Font Info:    ... okay on input line 152.
LaTeX Font Info:    Checking defaults for C01/song/m/n on input line 152.
LaTeX Font Info:    ... okay on input line 152.
LaTeX Font Info:    Checking defaults for C11/song/m/n on input line 152.
LaTeX Font Info:    ... okay on input line 152.
LaTeX Font Info:    Checking defaults for C21/song/m/n on input line 152.
LaTeX Font Info:    ... okay on input line 152.
LaTeX Font Info:    Checking defaults for C41/song/m/n on input line 152.
LaTeX Font Info:    ... okay on input line 152.
LaTeX Font Info:    Checking defaults for C62/song/m/n on input line 152.
LaTeX Font Info:    ... okay on input line 152.
LaTeX Font Info:    Checking defaults for PD1/pdf/m/n on input line 152.
LaTeX Font Info:    ... okay on input line 152.
LaTeX Font Info:    Checking defaults for PU/pdf/m/n on input line 152.
LaTeX Font Info:    ... okay on input line 152.
LaTeX Font Info:    Trying to load font information for OT1+phv on input line 1
52.
 (/usr/share/texmf-dist/tex/latex/psnfss/ot1phv.fd
File: ot1phv.fd 2020/03/25 scalable font definitions for OT1/phv.
)
LaTeX Font Info:    Font shape `OT1/phv/m/n' will be
(Font)              scaled to size 8.99994pt on input line 152.

(/usr/share/texmf-dist/tex/context/base/mkii/supp-pdf.mkii
[Loading MPS to PDF converter (version 2006.09.02).]
\scratchcounter=\count303
\scratchdimen=\dimen258
\scratchbox=\box116
\nofMPsegments=\count304
\nofMParguments=\count305
\everyMPshowfont=\toks34
\MPscratchCnt=\count306
\MPscratchDim=\dimen259
\MPnumerator=\count307
\makeMPintoPDFobject=\count308
\everyMPtoPDFconversion=\toks35
) (/usr/share/texmf-dist/tex/latex/epstopdf-pkg/epstopdf-base.sty
Package: epstopdf-base 2020-01-24 v2.11 Base part for package epstopdf
Package epstopdf-base Info: Redefining graphics rule for `.eps' on input line 4
85.

(/usr/share/texmf-dist/tex/latex/latexconfig/epstopdf-sys.cfg
File: epstopdf-sys.cfg 2010/07/13 v1.3 Configuration of (r)epstopdf for TeX Liv
e
))
*geometry* driver: auto-detecting
*geometry* detected driver: pdftex
*geometry* verbose mode - [ preamble ] result:
* driver: pdftex
* paper: a4paper
* layout: <same size as paper>
* layoutoffset:(h,v)=(0.0pt,0.0pt)
* modes: twoside 
* h-part:(L,W,R)=(71.13188pt, 455.24411pt, 71.13188pt)
* v-part:(T,H,B)=(71.13188pt, 702.78308pt, 71.13188pt)
* \paperwidth=597.50787pt
* \paperheight=845.04684pt
* \textwidth=455.24411pt
* \textheight=702.78308pt
* \oddsidemargin=-1.1381pt
* \evensidemargin=-1.1381pt
* \topmargin=-31.2056pt
* \headheight=12.0pt
* \headsep=18.06749pt
* \topskip=10.0pt
* \footskip=25.29494pt
* \marginparwidth=125.0pt
* \marginparsep=7.0pt
* \columnsep=10.0pt
* \skip\footins=9.0pt plus 4.0pt minus 2.0pt
* \hoffset=0.0pt
* \voffset=0.0pt
* \mag=1000
* \@twocolumnfalse
* \@twosidetrue
* \@mparswitchtrue
* \@reversemarginfalse
* (1in=72.27pt=25.4mm, 1cm=28.453pt)

Package backref Info: ** backref set up for natbib ** on input line 152.
\AtBeginShipoutBox=\box117
Package hyperref Info: Link coloring ON on input line 152.
(/usr/share/texmf-dist/tex/latex/hyperref/nameref.sty
Package: nameref 2019/09/16 v2.46 Cross-referencing by name of section

(/usr/share/texmf-dist/tex/latex/refcount/refcount.sty
Package: refcount 2019/12/15 v3.6 Data extraction from label references (HO)
)
(/usr/share/texmf-dist/tex/generic/gettitlestring/gettitlestring.sty
Package: gettitlestring 2019/12/15 v1.6 Cleanup title references (HO)
)
\c@section@level=\count309
)
LaTeX Info: Redefining \ref on input line 152.
LaTeX Info: Redefining \pageref on input line 152.
LaTeX Info: Redefining \nameref on input line 152.

(./refman.out) (./refman.out)
\@outlinefile=\write5
Package caption Info: Begin \AtBeginDocument code.
Package caption Info: End \AtBeginDocument code.
\Etoc@tf=\read4

(/usr/share/texmf-dist/tex/latex/cjk/texinput/UTF8/UTF8.bdg
File: UTF8.bdg 2015/04/18 4.8.4
)
(/usr/share/texmf-dist/tex/latex/cjk/texinput/UTF8/UTF8.enc
File: UTF8.enc 2015/04/18 4.8.4
)
(/usr/share/texmf-dist/tex/latex/cjk/texinput/UTF8/UTF8.chr
File: UTF8.chr 2015/04/18 4.8.4
)
Package hyperref Info: Option `pageanchor' set `false' on input line 159.
Package hyperref Info: Option `bookmarksnumbered' set `true' on input line 159.

Package hyperref Info: Option `unicode' set `true' on input line 159.
LaTeX Font Info:    Font shape `OT1/phv/m/n' will be
(Font)              scaled to size 12.9599pt on input line 164.
LaTeX Font Info:    Font shape `OT1/phv/m/n' will be
(Font)              scaled to size 10.79993pt on input line 164.
LaTeX Font Info:    Font shape `OT1/phv/m/n' will be
(Font)              scaled to size 6.29996pt on input line 164.
LaTeX Font Info:    Trying to load font information for U+msa on input line 164
.

(/usr/share/texmf-dist/tex/latex/amsfonts/umsa.fd
File: umsa.fd 2013/01/14 v3.01 AMS symbols A
)
LaTeX Font Info:    Trying to load font information for U+msb on input line 164
.

(/usr/share/texmf-dist/tex/latex/amsfonts/umsb.fd
File: umsb.fd 2013/01/14 v3.01 AMS symbols B
)
LaTeX Font Info:    Trying to load font information for U+wasy on input line 16
4.

(/usr/share/texmf-dist/tex/latex/wasysym/uwasy.fd
File: uwasy.fd 2020/01/19 v2.4 Wasy-2 symbol font definitions
)
LaTeX Font Info:    Trying to load font information for C70+min on input line 1
66.

(/usr/share/texmf-dist/tex/latex/cjk/contrib/wadalab/c70min.fd
File: c70min.fd 2015/04/18 4.8.4
)
(/usr/share/texmf-dist/tex/latex/cjk/contrib/wadalab/c70min.fdx
File: c70min.fdx 2015/04/18 4.8.4
) [1


{/var/lib/texmf/fonts/map/pdftex/updmap/pdftex.map}] [2

]
\tf@toc=\write6
LaTeX Font Info:    Font shape `OT1/phv/b/n' will be
(Font)              scaled to size 8.99994pt on input line 172.


LaTeX Font Warning: Font shape `C70/min/b/n' undefined
(Font)              using `C70/min/m/n' instead on input line 172.

LaTeX Font Info:    Font shape `OT1/phv/b/n' will be
(Font)              scaled to size 6.29996pt on input line 172.
[1] [2] [3] [4]
Package hyperref Info: Option `pageanchor' set `true' on input line 174.

Chapter 1.
LaTeX Font Info:    Font shape `OT1/phv/m/n' will be
(Font)              scaled to size 18.66588pt on input line 177.
LaTeX Font Info:    Font shape `OT1/phv/b/n' will be
(Font)              scaled to size 18.66588pt on input line 177.
LaTeX Font Info:    Font shape `OT1/phv/bc/n' will be
(Font)              scaled to size 18.66588pt on input line 177.
LaTeX Font Info:    Font shape `OT1/phv/m/n' will be
(Font)              scaled to size 22.39185pt on input line 177.
LaTeX Font Info:    Font shape `OT1/phv/b/n' will be
(Font)              scaled to size 22.39185pt on input line 177.
LaTeX Font Info:    Font shape `OT1/phv/bc/n' will be
(Font)              scaled to size 22.39185pt on input line 177.

LaTeX Font Warning: Font shape `C70/min/bc/n' undefined
(Font)              using `C70/min/m/n' instead on input line 177.

(./annotated.tex
LaTeX Font Info:    Font shape `OT1/phv/b/n' will be
(Font)              scaled to size 12.9599pt on input line 1.
) [1


]

Package Fancyhdr Warning: \headheight is too small (12.0pt): 
Make it at least 12.00003pt.
We now make it that large for the rest of the document.
This may cause the page layout to be inconsistent, however.

[2

]
Chapter 2.
(./files.tex) [3] [4

]
Chapter 3.
(./structID.tex <./structID__coll__graph.pdf

pdfTeX warning: pdflatex (file ./structID__coll__graph.pdf): PDF inclusion: mul
tiple pdfs with page group included in a single page
>
<structID__coll__graph.pdf, id=720, 158.5925pt x 100.375pt>
File: structID__coll__graph.pdf Graphic file (type pdf)
<use structID__coll__graph.pdf>
Package pdftex.def Info: structID__coll__graph.pdf  used on input line 10.
(pdftex.def)             Requested size: 158.0pt x 100.00868pt.
LaTeX Font Info:    Font shape `OT1/phv/b/n' will be
(Font)              scaled to size 10.79993pt on input line 13.
LaTeX Font Info:    Trying to load font information for TS1+phv on input line 1
6.
 (/usr/share/texmf-dist/tex/latex/psnfss/ts1phv.fd
File: ts1phv.fd 2020/03/25 scalable font definitions for TS1/phv.
)
LaTeX Font Info:    Font shape `TS1/phv/m/n' will be
(Font)              scaled to size 8.99994pt on input line 16.
LaTeX Font Info:    Font shape `OT1/phv/m/n' will be
(Font)              scaled to size 7.19995pt on input line 36.
LaTeX Font Info:    Trying to load font information for OT1+pcr on input line 3
6.

(/usr/share/texmf-dist/tex/latex/psnfss/ot1pcr.fd
File: ot1pcr.fd 2001/06/04 font definitions for OT1/pcr.
) [5]) (./structKEY.tex)
[6]
Chapter 4.
(./id-list_8c.tex <./id-list_8c__incl.pdf

pdfTeX warning: pdflatex (file ./id-list_8c__incl.pdf): PDF inclusion: multiple
 pdfs with page group included in a single page
>
<id-list_8c__incl.pdf, id=765, 274.02374pt x 212.795pt>
File: id-list_8c__incl.pdf Graphic file (type pdf)
<use id-list_8c__incl.pdf>
Package pdftex.def Info: id-list_8c__incl.pdf  used on input line 9.
(pdftex.def)             Requested size: 273.0pt x 212.01518pt.
 [7

]
LaTeX Font Info:    Font shape `OT1/pcr/m/it' in size <8> not available
(Font)              Font shape `OT1/pcr/m/sl' tried instead on input line 42.
LaTeX Font Info:    Trying to load font information for OMS+pcr on input line 5
0.
 (/usr/share/texmf-dist/tex/latex/psnfss/omspcr.fd
File: omspcr.fd 
)
LaTeX Font Info:    Font shape `OMS/pcr/m/n' in size <7> not available
(Font)              Font shape `OMS/cmsy/m/n' tried instead on input line 50.
 <./id-list_8c_a28a5bab0aef22ef6f1ef02ef13eecf01_cgraph.pdf>
<id-list_8c_a28a5bab0aef22ef6f1ef02ef13eecf01_cgraph.pdf, id=807, 265.99374pt x
 100.375pt>
File: id-list_8c_a28a5bab0aef22ef6f1ef02ef13eecf01_cgraph.pdf Graphic file (typ
e pdf)
<use id-list_8c_a28a5bab0aef22ef6f1ef02ef13eecf01_cgraph.pdf>
Package pdftex.def Info: id-list_8c_a28a5bab0aef22ef6f1ef02ef13eecf01_cgraph.pd
f  used on input line 79.
(pdftex.def)             Requested size: 265.0pt x 100.00868pt.
 <./id-list_8c_a155f9755ec7daa8239fbbcde196ecdc8_icgraph.pdf

pdfTeX warning: pdflatex (file ./id-list_8c_a155f9755ec7daa8239fbbcde196ecdc8_i
cgraph.pdf): PDF inclusion: multiple pdfs with page group included in a single 
page
>
<id-list_8c_a155f9755ec7daa8239fbbcde196ecdc8_icgraph.pdf, id=816, 261.97874pt 
x 100.375pt>
File: id-list_8c_a155f9755ec7daa8239fbbcde196ecdc8_icgraph.pdf Graphic file (ty
pe pdf)
<use id-list_8c_a155f9755ec7daa8239fbbcde196ecdc8_icgraph.pdf>
Package pdftex.def Info: id-list_8c_a155f9755ec7daa8239fbbcde196ecdc8_icgraph.p
df  used on input line 104.
(pdftex.def)             Requested size: 261.0pt x 100.00255pt.
 [8] <./id-list_8c_a0a998b3e243a7e85b27e874ff53afca9_cgraph.pdf>
<id-list_8c_a0a998b3e243a7e85b27e874ff53afca9_cgraph.pdf, id=846, 261.97874pt x
 100.375pt>
File: id-list_8c_a0a998b3e243a7e85b27e874ff53afca9_cgraph.pdf Graphic file (typ
e pdf)
<use id-list_8c_a0a998b3e243a7e85b27e874ff53afca9_cgraph.pdf>
Package pdftex.def Info: id-list_8c_a0a998b3e243a7e85b27e874ff53afca9_cgraph.pd
f  used on input line 158.
(pdftex.def)             Requested size: 261.0pt x 100.00255pt.
 [9] <./id-list_8c_ac7ac3701e4c4fcd8183f4e813b5d9454_icgraph.pdf>
<id-list_8c_ac7ac3701e4c4fcd8183f4e813b5d9454_icgraph.pdf, id=866, 265.99374pt 
x 100.375pt>
File: id-list_8c_ac7ac3701e4c4fcd8183f4e813b5d9454_icgraph.pdf Graphic file (ty
pe pdf)
<use id-list_8c_ac7ac3701e4c4fcd8183f4e813b5d9454_icgraph.pdf>
Package pdftex.def Info: id-list_8c_ac7ac3701e4c4fcd8183f4e813b5d9454_icgraph.p
df  used on input line 188.
(pdftex.def)             Requested size: 265.0pt x 100.00868pt.
) (./scan_8c.tex <./scan_8c__incl.pdf

pdfTeX warning: pdflatex (file ./scan_8c__incl.pdf): PDF inclusion: multiple pd
fs with page group included in a single page
>
<scan_8c__incl.pdf, id=875, 351.3125pt x 212.795pt>
File: scan_8c__incl.pdf Graphic file (type pdf)
<use scan_8c__incl.pdf>
Package pdftex.def Info: scan_8c__incl.pdf  used on input line 13.
(pdftex.def)             Requested size: 350.0pt x 212.01518pt.
 [10]
LaTeX Font Info:    Trying to load font information for OMS+phv on input line 5
6.
 (/usr/share/texmf-dist/tex/latex/psnfss/omsphv.fd
File: omsphv.fd 
)
LaTeX Font Info:    Font shape `OMS/phv/m/n' in size <10> not available
(Font)              Font shape `OMS/cmsy/m/n' tried instead on input line 56.
 [11] <./scan_8c_a2b4c5998f59f61fe725ddae19bd9f421_icgraph.pdf>
<scan_8c_a2b4c5998f59f61fe725ddae19bd9f421_icgraph.pdf, id=941, 290.08376pt x 1
00.375pt>
File: scan_8c_a2b4c5998f59f61fe725ddae19bd9f421_icgraph.pdf Graphic file (type 
pdf)
<use scan_8c_a2b4c5998f59f61fe725ddae19bd9f421_icgraph.pdf>
Package pdftex.def Info: scan_8c_a2b4c5998f59f61fe725ddae19bd9f421_icgraph.pdf 
 used on input line 93.
(pdftex.def)             Requested size: 289.0pt x 100.00562pt.
 <./scan_8c_adc64a7c31696f9592dc76ba72aa3cb07_icgraph.pdf

pdfTeX warning: pdflatex (file ./scan_8c_adc64a7c31696f9592dc76ba72aa3cb07_icgr
aph.pdf): PDF inclusion: multiple pdfs with page group included in a single pag
e
>
<scan_8c_adc64a7c31696f9592dc76ba72aa3cb07_icgraph.pdf, id=951, 219.82124pt x 1
00.375pt>
File: scan_8c_adc64a7c31696f9592dc76ba72aa3cb07_icgraph.pdf Graphic file (type 
pdf)
<use scan_8c_adc64a7c31696f9592dc76ba72aa3cb07_icgraph.pdf>
Package pdftex.def Info: scan_8c_adc64a7c31696f9592dc76ba72aa3cb07_icgraph.pdf 
 used on input line 121.
(pdftex.def)             Requested size: 219.0pt x 100.00255pt.
 [12] <./scan_8c_a4f248267642169d2ee463aac0441808a_icgraph.pdf>
<scan_8c_a4f248267642169d2ee463aac0441808a_icgraph.pdf, id=971, 484.81125pt x 1
00.375pt>
File: scan_8c_a4f248267642169d2ee463aac0441808a_icgraph.pdf Graphic file (type 
pdf)
<use scan_8c_a4f248267642169d2ee463aac0441808a_icgraph.pdf>
Package pdftex.def Info: scan_8c_a4f248267642169d2ee463aac0441808a_icgraph.pdf 
 used on input line 155.
(pdftex.def)             Requested size: 350.0pt x 72.4675pt.
 <./scan_8c_ab155bf91f844588b6ccdb530034f28e9_cgraph.pdf

pdfTeX warning: pdflatex (file ./scan_8c_ab155bf91f844588b6ccdb530034f28e9_cgra
ph.pdf): PDF inclusion: multiple pdfs with page group included in a single page

>
<scan_8c_ab155bf91f844588b6ccdb530034f28e9_cgraph.pdf, id=983, 249.93375pt x 10
0.375pt>
File: scan_8c_ab155bf91f844588b6ccdb530034f28e9_cgraph.pdf Graphic file (type p
df)
<use scan_8c_ab155bf91f844588b6ccdb530034f28e9_cgraph.pdf>
Package pdftex.def Info: scan_8c_ab155bf91f844588b6ccdb530034f28e9_cgraph.pdf  
used on input line 204.
(pdftex.def)             Requested size: 249.0pt x 100.00409pt.
LaTeX Font Info:    Font shape `OT1/phv/m/n' will be
(Font)              scaled to size 8.99994pt on input line 207.
LaTeX Font Info:    Font shape `OT1/phv/m/n' will be
(Font)              scaled to size 8.99994pt on input line 207.
LaTeX Font Info:    Font shape `OT1/phv/m/n' will be
(Font)              scaled to size 8.99994pt on input line 207.
LaTeX Font Info:    Font shape `OT1/phv/b/n' will be
(Font)              scaled to size 8.99994pt on input line 207.
LaTeX Font Info:    Font shape `OT1/phv/b/n' will be
(Font)              scaled to size 6.29996pt on input line 207.
LaTeX Font Info:    Font shape `OT1/phv/b/n' will be
(Font)              scaled to size 8.99994pt on input line 207.
LaTeX Font Info:    Font shape `OT1/phv/m/n' will be
(Font)              scaled to size 8.99994pt on input line 207.
LaTeX Font Info:    Font shape `OT1/phv/b/n' will be
(Font)              scaled to size 8.99994pt on input line 207.
LaTeX Font Info:    Font shape `OT1/phv/b/n' will be
(Font)              scaled to size 6.29996pt on input line 207.
LaTeX Font Info:    Font shape `OT1/phv/b/n' will be
(Font)              scaled to size 6.29996pt on input line 207.
 [13] <./scan_8c_ab155bf91f844588b6ccdb530034f28e9_icgraph.pdf>
<scan_8c_ab155bf91f844588b6ccdb530034f28e9_icgraph.pdf, id=1001, 217.81375pt x 
100.375pt>
File: scan_8c_ab155bf91f844588b6ccdb530034f28e9_icgraph.pdf Graphic file (type 
pdf)
<use scan_8c_ab155bf91f844588b6ccdb530034f28e9_icgraph.pdf>
Package pdftex.def Info: scan_8c_ab155bf91f844588b6ccdb530034f28e9_icgraph.pdf 
 used on input line 212.
(pdftex.def)             Requested size: 217.0pt x 99.9995pt.
 <./scan_8c_a61855ff2af426bc6ac454733a9e61ff6_icgraph.pdf

pdfTeX warning: pdflatex (file ./scan_8c_a61855ff2af426bc6ac454733a9e61ff6_icgr
aph.pdf): PDF inclusion: multiple pdfs with page group included in a single pag
e
>
<scan_8c_a61855ff2af426bc6ac454733a9e61ff6_icgraph.pdf, id=1013, 454.69875pt x 
293.095pt>
File: scan_8c_a61855ff2af426bc6ac454733a9e61ff6_icgraph.pdf Graphic file (type 
pdf)
<use scan_8c_a61855ff2af426bc6ac454733a9e61ff6_icgraph.pdf>
Package pdftex.def Info: scan_8c_a61855ff2af426bc6ac454733a9e61ff6_icgraph.pdf 
 used on input line 239.
(pdftex.def)             Requested size: 350.0pt x 225.6078pt.
 [14] <./scan_8c_a2cb909d1b7351cc6fc24dd70b939070a_cgraph.pdf>
<scan_8c_a2cb909d1b7351cc6fc24dd70b939070a_cgraph.pdf, id=1056, 499.8675pt x 40
5.515pt>
File: scan_8c_a2cb909d1b7351cc6fc24dd70b939070a_cgraph.pdf Graphic file (type p
df)
<use scan_8c_a2cb909d1b7351cc6fc24dd70b939070a_cgraph.pdf>
Package pdftex.def Info: scan_8c_a2cb909d1b7351cc6fc24dd70b939070a_cgraph.pdf  
used on input line 304.
(pdftex.def)             Requested size: 350.0pt x 283.94518pt.

Underfull \vbox (badness 10000) has occurred while \output is active []

LaTeX Font Info:    Font shape `OT1/phv/m/n' will be
(Font)              scaled to size 8.99994pt on input line 307.
LaTeX Font Info:    Font shape `OT1/phv/m/n' will be
(Font)              scaled to size 8.99994pt on input line 307.
LaTeX Font Info:    Font shape `OT1/phv/m/n' will be
(Font)              scaled to size 8.99994pt on input line 307.
LaTeX Font Info:    Font shape `OT1/phv/b/n' will be
(Font)              scaled to size 8.99994pt on input line 307.
LaTeX Font Info:    Font shape `OT1/phv/b/n' will be
(Font)              scaled to size 6.29996pt on input line 307.
LaTeX Font Info:    Font shape `OT1/phv/b/n' will be
(Font)              scaled to size 8.99994pt on input line 307.
LaTeX Font Info:    Font shape `OT1/phv/m/n' will be
(Font)              scaled to size 8.99994pt on input line 307.
LaTeX Font Info:    Font shape `OT1/phv/b/n' will be
(Font)              scaled to size 8.99994pt on input line 307.
LaTeX Font Info:    Font shape `OT1/phv/b/n' will be
(Font)              scaled to size 6.29996pt on input line 307.
LaTeX Font Info:    Font shape `OT1/phv/b/n' will be
(Font)              scaled to size 6.29996pt on input line 307.
 [15] <./scan_8c_a2cb909d1b7351cc6fc24dd70b939070a_icgraph.pdf

pdfTeX warning: pdflatex (file ./scan_8c_a2cb909d1b7351cc6fc24dd70b939070a_icgr
aph.pdf): PDF inclusion: multiple pdfs with page group included in a single pag
e
>
<scan_8c_a2cb909d1b7351cc6fc24dd70b939070a_icgraph.pdf, id=1069, 196.735pt x 10
0.375pt>
File: scan_8c_a2cb909d1b7351cc6fc24dd70b939070a_icgraph.pdf Graphic file (type 
pdf)
<use scan_8c_a2cb909d1b7351cc6fc24dd70b939070a_icgraph.pdf>
Package pdftex.def Info: scan_8c_a2cb909d1b7351cc6fc24dd70b939070a_icgraph.pdf 
 used on input line 312.
(pdftex.def)             Requested size: 196.0pt x 99.9995pt.
 <./scan_8c_abe09b7c5dd179b960f98ef76fc56548a_cgraph.pdf

pdfTeX warning: pdflatex (file ./scan_8c_abe09b7c5dd179b960f98ef76fc56548a_cgra
ph.pdf): PDF inclusion: multiple pdfs with page group included in a single page

>
<scan_8c_abe09b7c5dd179b960f98ef76fc56548a_cgraph.pdf, id=1089, 408.52625pt x 1
98.7425pt>
File: scan_8c_abe09b7c5dd179b960f98ef76fc56548a_cgraph.pdf Graphic file (type p
df)
<use scan_8c_abe09b7c5dd179b960f98ef76fc56548a_cgraph.pdf>
Package pdftex.def Info: scan_8c_abe09b7c5dd179b960f98ef76fc56548a_cgraph.pdf  
used on input line 348.
(pdftex.def)             Requested size: 350.0pt x 170.27837pt.
LaTeX Font Info:    Font shape `OT1/phv/m/n' will be
(Font)              scaled to size 8.99994pt on input line 351.
LaTeX Font Info:    Font shape `OT1/phv/m/n' will be
(Font)              scaled to size 8.99994pt on input line 351.
LaTeX Font Info:    Font shape `OT1/phv/m/n' will be
(Font)              scaled to size 8.99994pt on input line 351.
LaTeX Font Info:    Font shape `OT1/phv/b/n' will be
(Font)              scaled to size 8.99994pt on input line 351.
LaTeX Font Info:    Font shape `OT1/phv/b/n' will be
(Font)              scaled to size 8.99994pt on input line 351.
LaTeX Font Info:    Font shape `OT1/phv/m/n' will be
(Font)              scaled to size 8.99994pt on input line 351.
LaTeX Font Info:    Font shape `OT1/phv/b/n' will be
(Font)              scaled to size 8.99994pt on input line 351.
LaTeX Font Info:    Font shape `OT1/phv/b/n' will be
(Font)              scaled to size 6.29996pt on input line 351.
LaTeX Font Info:    Font shape `OT1/phv/b/n' will be
(Font)              scaled to size 6.29996pt on input line 351.
 [16] <./scan_8c_abe09b7c5dd179b960f98ef76fc56548a_icgraph.pdf>
<scan_8c_abe09b7c5dd179b960f98ef76fc56548a_icgraph.pdf, id=1105, 308.15125pt x 
100.375pt>
File: scan_8c_abe09b7c5dd179b960f98ef76fc56548a_icgraph.pdf Graphic file (type 
pdf)
<use scan_8c_abe09b7c5dd179b960f98ef76fc56548a_icgraph.pdf>
Package pdftex.def Info: scan_8c_abe09b7c5dd179b960f98ef76fc56548a_icgraph.pdf 
 used on input line 356.
(pdftex.def)             Requested size: 307.0pt x 100.00716pt.
 <./scan_8c_a2c0a7cd533251d8b6b13250f25ce661b_cgraph.pdf

pdfTeX warning: pdflatex (file ./scan_8c_a2c0a7cd533251d8b6b13250f25ce661b_cgra
ph.pdf): PDF inclusion: multiple pdfs with page group included in a single page

>
<scan_8c_a2c0a7cd533251d8b6b13250f25ce661b_cgraph.pdf, id=1129, 281.05pt x 100.
375pt>
File: scan_8c_a2c0a7cd533251d8b6b13250f25ce661b_cgraph.pdf Graphic file (type p
df)
<use scan_8c_a2c0a7cd533251d8b6b13250f25ce661b_cgraph.pdf>
Package pdftex.def Info: scan_8c_a2c0a7cd533251d8b6b13250f25ce661b_cgraph.pdf  
used on input line 403.
(pdftex.def)             Requested size: 280.0pt x 100.00562pt.
LaTeX Font Info:    Font shape `OT1/phv/m/n' will be
(Font)              scaled to size 8.99994pt on input line 406.
LaTeX Font Info:    Font shape `OT1/phv/m/n' will be
(Font)              scaled to size 8.99994pt on input line 406.
LaTeX Font Info:    Font shape `OT1/phv/m/n' will be
(Font)              scaled to size 8.99994pt on input line 406.
LaTeX Font Info:    Font shape `OT1/phv/b/n' will be
(Font)              scaled to size 8.99994pt on input line 406.
LaTeX Font Info:    Font shape `OT1/phv/b/n' will be
(Font)              scaled to size 6.29996pt on input line 406.
LaTeX Font Info:    Font shape `OT1/phv/b/n' will be
(Font)              scaled to size 8.99994pt on input line 406.
LaTeX Font Info:    Font shape `OT1/phv/m/n' will be
(Font)              scaled to size 8.99994pt on input line 406.
LaTeX Font Info:    Font shape `OT1/phv/b/n' will be
(Font)              scaled to size 8.99994pt on input line 406.
LaTeX Font Info:    Font shape `OT1/phv/b/n' will be
(Font)              scaled to size 6.29996pt on input line 406.
LaTeX Font Info:    Font shape `OT1/phv/b/n' will be
(Font)              scaled to size 6.29996pt on input line 406.
 [17] <./scan_8c_a2c0a7cd533251d8b6b13250f25ce661b_icgraph.pdf>
<scan_8c_a2c0a7cd533251d8b6b13250f25ce661b_icgraph.pdf, id=1144, 324.21124pt x 
100.375pt>
File: scan_8c_a2c0a7cd533251d8b6b13250f25ce661b_icgraph.pdf Graphic file (type 
pdf)
<use scan_8c_a2c0a7cd533251d8b6b13250f25ce661b_icgraph.pdf>
Package pdftex.def Info: scan_8c_a2c0a7cd533251d8b6b13250f25ce661b_icgraph.pdf 
 used on input line 411.
(pdftex.def)             Requested size: 323.0pt x 100.00562pt.
 <./scan_8c_adb3e836549bc1ecd61ed98bf63f813d0_cgraph.pdf

pdfTeX warning: pdflatex (file ./scan_8c_adb3e836549bc1ecd61ed98bf63f813d0_cgra
ph.pdf): PDF inclusion: multiple pdfs with page group included in a single page

>
<scan_8c_adb3e836549bc1ecd61ed98bf63f813d0_cgraph.pdf, id=1167, 383.4325pt x 15
3.57375pt>
File: scan_8c_adb3e836549bc1ecd61ed98bf63f813d0_cgraph.pdf Graphic file (type p
df)
<use scan_8c_adb3e836549bc1ecd61ed98bf63f813d0_cgraph.pdf>
Package pdftex.def Info: scan_8c_adb3e836549bc1ecd61ed98bf63f813d0_cgraph.pdf  
used on input line 456.
(pdftex.def)             Requested size: 350.0pt x 140.19052pt.
LaTeX Font Info:    Font shape `OT1/phv/m/n' will be
(Font)              scaled to size 8.99994pt on input line 459.
LaTeX Font Info:    Font shape `OT1/phv/m/n' will be
(Font)              scaled to size 8.99994pt on input line 459.
LaTeX Font Info:    Font shape `OT1/phv/m/n' will be
(Font)              scaled to size 8.99994pt on input line 459.
LaTeX Font Info:    Font shape `OT1/phv/b/n' will be
(Font)              scaled to size 8.99994pt on input line 459.
LaTeX Font Info:    Font shape `OT1/phv/b/n' will be
(Font)              scaled to size 8.99994pt on input line 459.
LaTeX Font Info:    Font shape `OT1/phv/m/n' will be
(Font)              scaled to size 8.99994pt on input line 459.
LaTeX Font Info:    Font shape `OT1/phv/b/n' will be
(Font)              scaled to size 8.99994pt on input line 459.
LaTeX Font Info:    Font shape `OT1/phv/b/n' will be
(Font)              scaled to size 6.29996pt on input line 459.
LaTeX Font Info:    Font shape `OT1/phv/b/n' will be
(Font)              scaled to size 6.29996pt on input line 459.
 [18] <./scan_8c_adb3e836549bc1ecd61ed98bf63f813d0_icgraph.pdf>
<scan_8c_adb3e836549bc1ecd61ed98bf63f813d0_icgraph.pdf, id=1185, 299.1175pt x 1
00.375pt>
File: scan_8c_adb3e836549bc1ecd61ed98bf63f813d0_icgraph.pdf Graphic file (type 
pdf)
<use scan_8c_adb3e836549bc1ecd61ed98bf63f813d0_icgraph.pdf>
Package pdftex.def Info: scan_8c_adb3e836549bc1ecd61ed98bf63f813d0_icgraph.pdf 
 used on input line 464.
(pdftex.def)             Requested size: 298.0pt x 100.00716pt.
 <./scan_8c_aa05ec80aa6ee0242d82d13e8982da6e8_cgraph.pdf

pdfTeX warning: pdflatex (file ./scan_8c_aa05ec80aa6ee0242d82d13e8982da6e8_cgra
ph.pdf): PDF inclusion: multiple pdfs with page group included in a single page

>
<scan_8c_aa05ec80aa6ee0242d82d13e8982da6e8_cgraph.pdf, id=1208, 389.455pt x 153
.57375pt>
File: scan_8c_aa05ec80aa6ee0242d82d13e8982da6e8_cgraph.pdf Graphic file (type p
df)
<use scan_8c_aa05ec80aa6ee0242d82d13e8982da6e8_cgraph.pdf>
Package pdftex.def Info: scan_8c_aa05ec80aa6ee0242d82d13e8982da6e8_cgraph.pdf  
used on input line 506.
(pdftex.def)             Requested size: 350.0pt x 138.02058pt.
LaTeX Font Info:    Font shape `OT1/phv/m/n' will be
(Font)              scaled to size 8.99994pt on input line 509.
LaTeX Font Info:    Font shape `OT1/phv/m/n' will be
(Font)              scaled to size 8.99994pt on input line 509.
LaTeX Font Info:    Font shape `OT1/phv/m/n' will be
(Font)              scaled to size 8.99994pt on input line 509.
LaTeX Font Info:    Font shape `OT1/phv/b/n' will be
(Font)              scaled to size 8.99994pt on input line 509.
LaTeX Font Info:    Font shape `OT1/phv/b/n' will be
(Font)              scaled to size 6.29996pt on input line 509.
LaTeX Font Info:    Font shape `OT1/phv/b/n' will be
(Font)              scaled to size 8.99994pt on input line 509.
LaTeX Font Info:    Font shape `OT1/phv/m/n' will be
(Font)              scaled to size 8.99994pt on input line 509.
LaTeX Font Info:    Font shape `OT1/phv/b/n' will be
(Font)              scaled to size 8.99994pt on input line 509.
LaTeX Font Info:    Font shape `OT1/phv/b/n' will be
(Font)              scaled to size 6.29996pt on input line 509.
LaTeX Font Info:    Font shape `OT1/phv/b/n' will be
(Font)              scaled to size 6.29996pt on input line 509.
 [19] <./scan_8c_aa05ec80aa6ee0242d82d13e8982da6e8_icgraph.pdf>
<scan_8c_aa05ec80aa6ee0242d82d13e8982da6e8_icgraph.pdf, id=1225, 305.14pt x 100
.375pt>
File: scan_8c_aa05ec80aa6ee0242d82d13e8982da6e8_icgraph.pdf Graphic file (type 
pdf)
<use scan_8c_aa05ec80aa6ee0242d82d13e8982da6e8_icgraph.pdf>
Package pdftex.def Info: scan_8c_aa05ec80aa6ee0242d82d13e8982da6e8_icgraph.pdf 
 used on input line 514.
(pdftex.def)             Requested size: 304.0pt x 100.00409pt.
 [20] <./scan_8c_a24e391d80789ff75d7ad4fea534c546d_cgraph.pdf>
<scan_8c_a24e391d80789ff75d7ad4fea534c546d_cgraph.pdf, id=1277, 270.00874pt x 1
00.375pt>
File: scan_8c_a24e391d80789ff75d7ad4fea534c546d_cgraph.pdf Graphic file (type p
df)
<use scan_8c_a24e391d80789ff75d7ad4fea534c546d_cgraph.pdf>
Package pdftex.def Info: scan_8c_a24e391d80789ff75d7ad4fea534c546d_cgraph.pdf  
used on input line 590.
(pdftex.def)             Requested size: 269.0pt x 100.00255pt.
 <./scan_8c_a24e391d80789ff75d7ad4fea534c546d_icgraph.pdf

pdfTeX warning: pdflatex (file ./scan_8c_a24e391d80789ff75d7ad4fea534c546d_icgr
aph.pdf): PDF inclusion: multiple pdfs with page group included in a single pag
e
>
<scan_8c_a24e391d80789ff75d7ad4fea534c546d_icgraph.pdf, id=1285, 313.17pt x 100
.375pt>
File: scan_8c_a24e391d80789ff75d7ad4fea534c546d_icgraph.pdf Graphic file (type 
pdf)
<use scan_8c_a24e391d80789ff75d7ad4fea534c546d_icgraph.pdf>
Package pdftex.def Info: scan_8c_a24e391d80789ff75d7ad4fea534c546d_icgraph.pdf 
 used on input line 598.
(pdftex.def)             Requested size: 312.0pt x 100.00409pt.
 [21] <./scan_8c_a016837b84f7630bff1cfbb43d248f03d_cgraph.pdf>
<scan_8c_a016837b84f7630bff1cfbb43d248f03d_cgraph.pdf, id=1316, 281.05pt x 100.
375pt>
File: scan_8c_a016837b84f7630bff1cfbb43d248f03d_cgraph.pdf Graphic file (type p
df)
<use scan_8c_a016837b84f7630bff1cfbb43d248f03d_cgraph.pdf>
Package pdftex.def Info: scan_8c_a016837b84f7630bff1cfbb43d248f03d_cgraph.pdf  
used on input line 648.
(pdftex.def)             Requested size: 280.0pt x 100.00562pt.
 <./scan_8c_a016837b84f7630bff1cfbb43d248f03d_icgraph.pdf

pdfTeX warning: pdflatex (file ./scan_8c_a016837b84f7630bff1cfbb43d248f03d_icgr
aph.pdf): PDF inclusion: multiple pdfs with page group included in a single pag
e
>
<scan_8c_a016837b84f7630bff1cfbb43d248f03d_icgraph.pdf, id=1324, 468.75125pt x 
176.66pt>
File: scan_8c_a016837b84f7630bff1cfbb43d248f03d_icgraph.pdf Graphic file (type 
pdf)
<use scan_8c_a016837b84f7630bff1cfbb43d248f03d_icgraph.pdf>
Package pdftex.def Info: scan_8c_a016837b84f7630bff1cfbb43d248f03d_icgraph.pdf 
 used on input line 656.
(pdftex.def)             Requested size: 350.0pt x 131.90433pt.
 [22]
LaTeX Font Info:    Trying to load font information for TS1+pcr on input line 6
96.
 (/usr/share/texmf-dist/tex/latex/psnfss/ts1pcr.fd
File: ts1pcr.fd 2001/06/04 font definitions for TS1/pcr.
)
LaTeX Font Info:    Font shape `OMS/pcr/m/n' in size <8> not available
(Font)              Font shape `OMS/cmsy/m/n' tried instead on input line 696.
) (./token-list_8c.tex <./token-list_8c__incl.pdf>
<token-list_8c__incl.pdf, id=1340, 274.02374pt x 212.795pt>
File: token-list_8c__incl.pdf Graphic file (type pdf)
<use token-list_8c__incl.pdf>
Package pdftex.def Info: token-list_8c__incl.pdf  used on input line 11.
(pdftex.def)             Requested size: 273.0pt x 212.01518pt.
 [23] <./token-list_8c_a053efa4d38ff9ceb3feadf2f0f084a28_icgraph.pdf

pdfTeX warning: pdflatex (file ./token-list_8c_a053efa4d38ff9ceb3feadf2f0f084a2
8_icgraph.pdf): PDF inclusion: multiple pdfs with page group included in a sing
le page
>
<token-list_8c_a053efa4d38ff9ceb3feadf2f0f084a28_icgraph.pdf, id=1361, 545.0362
5pt x 178.6675pt>
File: token-list_8c_a053efa4d38ff9ceb3feadf2f0f084a28_icgraph.pdf Graphic file 
(type pdf)
<use token-list_8c_a053efa4d38ff9ceb3feadf2f0f084a28_icgraph.pdf>
Package pdftex.def Info: token-list_8c_a053efa4d38ff9ceb3feadf2f0f084a28_icgrap
h.pdf  used on input line 56.
(pdftex.def)             Requested size: 350.0pt x 114.7312pt.
 [24] <./token-list_8c_a2c537f75cb588446247c82d5b6b0308b_cgraph.pdf>
<token-list_8c_a2c537f75cb588446247c82d5b6b0308b_cgraph.pdf, id=1394, 600.2425p
t x 402.50375pt>
File: token-list_8c_a2c537f75cb588446247c82d5b6b0308b_cgraph.pdf Graphic file (
type pdf)
<use token-list_8c_a2c537f75cb588446247c82d5b6b0308b_cgraph.pdf>
Package pdftex.def Info: token-list_8c_a2c537f75cb588446247c82d5b6b0308b_cgraph
.pdf  used on input line 110.
(pdftex.def)             Requested size: 350.0pt x 234.70525pt.

Underfull \vbox (badness 3158) has occurred while \output is active []

 [25]
[26]) (./token-list_8h.tex <./token-list_8h__incl.pdf>
<token-list_8h__incl.pdf, id=1477, 274.02374pt x 156.585pt>
File: token-list_8h__incl.pdf Graphic file (type pdf)
<use token-list_8h__incl.pdf>
Package pdftex.def Info: token-list_8h__incl.pdf  used on input line 11.
(pdftex.def)             Requested size: 273.0pt x 156.01117pt.
 <./token-list_8h__dep__incl.pdf

pdfTeX warning: pdflatex (file ./token-list_8h__dep__incl.pdf): PDF inclusion: 
multiple pdfs with page group included in a single page
>
<token-list_8h__dep__incl.pdf, id=1485, 288.07625pt x 156.585pt>
File: token-list_8h__dep__incl.pdf Graphic file (type pdf)
<use token-list_8h__dep__incl.pdf>
Package pdftex.def Info: token-list_8h__dep__incl.pdf  used on input line 19.
(pdftex.def)             Requested size: 287.0pt x 156.0064pt.
 [27] [28] [29] [30] [31] [32] [33] [34] [35] [36] [37] <./token-list_8h_adc64a
7c31696f9592dc76ba72aa3cb07_icgraph.pdf

pdfTeX warning: pdflatex (file ./token-list_8h_adc64a7c31696f9592dc76ba72aa3cb0
7_icgraph.pdf): PDF inclusion: multiple pdfs with page group included in a sing
le page
>
<token-list_8h_adc64a7c31696f9592dc76ba72aa3cb07_icgraph.pdf, id=1626, 219.8212
4pt x 100.375pt>
File: token-list_8h_adc64a7c31696f9592dc76ba72aa3cb07_icgraph.pdf Graphic file 
(type pdf)
<use token-list_8h_adc64a7c31696f9592dc76ba72aa3cb07_icgraph.pdf>
Package pdftex.def Info: token-list_8h_adc64a7c31696f9592dc76ba72aa3cb07_icgrap
h.pdf  used on input line 721.
(pdftex.def)             Requested size: 219.0pt x 100.00255pt.
 [38] <./token-list_8h_a053efa4d38ff9ceb3feadf2f0f084a28_icgraph.pdf>
<token-list_8h_a053efa4d38ff9ceb3feadf2f0f084a28_icgraph.pdf, id=1640, 545.0362
5pt x 178.6675pt>
File: token-list_8h_a053efa4d38ff9ceb3feadf2f0f084a28_icgraph.pdf Graphic file 
(type pdf)
<use token-list_8h_a053efa4d38ff9ceb3feadf2f0f084a28_icgraph.pdf>
Package pdftex.def Info: token-list_8h_a053efa4d38ff9ceb3feadf2f0f084a28_icgrap
h.pdf  used on input line 747.
(pdftex.def)             Requested size: 350.0pt x 114.7312pt.
 <./token-list_8h_ab155bf91f844588b6ccdb530034f28e9_cgraph.pdf

pdfTeX warning: pdflatex (file ./token-list_8h_ab155bf91f844588b6ccdb530034f28e
9_cgraph.pdf): PDF inclusion: multiple pdfs with page group included in a singl
e page
>
<token-list_8h_ab155bf91f844588b6ccdb530034f28e9_cgraph.pdf, id=1652, 249.93375
pt x 100.375pt>
File: token-list_8h_ab155bf91f844588b6ccdb530034f28e9_cgraph.pdf Graphic file (
type pdf)
<use token-list_8h_ab155bf91f844588b6ccdb530034f28e9_cgraph.pdf>
Package pdftex.def Info: token-list_8h_ab155bf91f844588b6ccdb530034f28e9_cgraph
.pdf  used on input line 796.
(pdftex.def)             Requested size: 249.0pt x 100.00409pt.
 <./token-list_8h_ab155bf91f844588b6ccdb530034f28e9_icgraph.pdf

pdfTeX warning: pdflatex (file ./token-list_8h_ab155bf91f844588b6ccdb530034f28e
9_icgraph.pdf): PDF inclusion: multiple pdfs with page group included in a sing
le page
>
<token-list_8h_ab155bf91f844588b6ccdb530034f28e9_icgraph.pdf, id=1660, 217.8137
5pt x 100.375pt>
File: token-list_8h_ab155bf91f844588b6ccdb530034f28e9_icgraph.pdf Graphic file 
(type pdf)
<use token-list_8h_ab155bf91f844588b6ccdb530034f28e9_icgraph.pdf>
Package pdftex.def Info: token-list_8h_ab155bf91f844588b6ccdb530034f28e9_icgrap
h.pdf  used on input line 804.
(pdftex.def)             Requested size: 217.0pt x 99.9995pt.
 [39] [40] <./token-list_8h_a2cb909d1b7351cc6fc24dd70b939070a_cgraph.pdf>
<token-list_8h_a2cb909d1b7351cc6fc24dd70b939070a_cgraph.pdf, id=1709, 499.8675p
t x 405.515pt>
File: token-list_8h_a2cb909d1b7351cc6fc24dd70b939070a_cgraph.pdf Graphic file (
type pdf)
<use token-list_8h_a2cb909d1b7351cc6fc24dd70b939070a_cgraph.pdf>
Package pdftex.def Info: token-list_8h_a2cb909d1b7351cc6fc24dd70b939070a_cgraph
.pdf  used on input line 869.
(pdftex.def)             Requested size: 350.0pt x 283.94518pt.
 <./token-list_8h_a2cb909d1b7351cc6fc24dd70b939070a_icgraph.pdf

pdfTeX warning: pdflatex (file ./token-list_8h_a2cb909d1b7351cc6fc24dd70b939070
a_icgraph.pdf): PDF inclusion: multiple pdfs with page group included in a sing
le page
>
<token-list_8h_a2cb909d1b7351cc6fc24dd70b939070a_icgraph.pdf, id=1717, 196.735p
t x 100.375pt>
File: token-list_8h_a2cb909d1b7351cc6fc24dd70b939070a_icgraph.pdf Graphic file 
(type pdf)
<use token-list_8h_a2cb909d1b7351cc6fc24dd70b939070a_icgraph.pdf>
Package pdftex.def Info: token-list_8h_a2cb909d1b7351cc6fc24dd70b939070a_icgrap
h.pdf  used on input line 877.
(pdftex.def)             Requested size: 196.0pt x 99.9995pt.
 [41]) [42] (./refman.ind [43



] [44] [45])
Package atveryend Info: Empty hook `BeforeClearDocument' on input line 200.
Package atveryend Info: Empty hook `AfterLastShipout' on input line 200.
 (./refman.aux)
Package atveryend Info: Executing hook `AtVeryEndDocument' on input line 200.
Package atveryend Info: Executing hook `AtEndAfterFileList' on input line 200.
Package rerunfilecheck Info: File `refman.out' has not changed.
(rerunfilecheck)             Checksum: 3463D9285F55EB452576BAE2FB7583B8;19201.


LaTeX Font Warning: Some font shapes were not available, defaults substituted.

 ) 
Here is how much of TeX's memory you used:
 19169 strings out of 480478
 288693 string characters out of 5905959
 567286 words of memory out of 5000000
 34143 multiletter control sequences out of 15000+600000
 617610 words of font info for 315 fonts, out of 8000000 for 9000
 1141 hyphenation exceptions out of 8191
 55i,16n,96p,938b,1156s stack positions out of 5000i,500n,10000p,200000b,80000s
{/usr/share/texmf-dist/fonts/enc/dvips/base/8r.enc}</usr/share/texmf-dist/fon
ts/type1/public/amsfonts/cm/cmmi10.pfb></usr/share/texmf-dist/fonts/type1/publi
c/amsfonts/cm/cmmi8.pfb></usr/share/texmf-dist/fonts/type1/public/amsfonts/cm/c
msy10.pfb></usr/share/texmf-dist/fonts/type1/public/amsfonts/cm/cmsy7.pfb></usr
/share/texmf-dist/fonts/type1/public/amsfonts/cm/cmsy8.pfb></usr/share/texmf-di
st/fonts/type1/wadalab/dmj/dmjhira.pfb></usr/share/texmf-dist/fonts/type1/wadal
ab/dmj/dmjka.pfb></usr/share/texmf-dist/fonts/type1/wadalab/dmj/dmjkata.pfb></u
sr/share/texmf-dist/fonts/type1/wadalab/dmj/dmjkb.pfb></usr/share/texmf-dist/fo
nts/type1/wadalab/dmj/dmjkc.pfb></usr/share/texmf-dist/fonts/type1/wadalab/dmj/
dmjkd.pfb></usr/share/texmf-dist/fonts/type1/wadalab/dmj/dmjke.pfb></usr/share/
texmf-dist/fonts/type1/wadalab/dmj/dmjkf.pfb></usr/share/texmf-dist/fonts/type1
/wadalab/dmj/dmjkg.pfb></usr/share/texmf-dist/fonts/type1/wadalab/dmj/dmjkh.pfb
></usr/share/texmf-dist/fonts/type1/wadalab/dmj/dmjkj.pfb></usr/share/texmf-dis
t/fonts/type1/wadalab/dmj/dmjkk.pfb></usr/share/texmf-dist/fonts/type1/wadalab/
dmj/dmjkl.pfb></usr/share/texmf-dist/fonts/type1/wadalab/dmj/dmjsy.pfb></usr/sh
are/texmf-dist/fonts/type1/urw/courier/ucrr8a.pfb></usr/share/texmf-dist/fonts/
type1/urw/courier/ucrro8a.pfb></usr/share/texmf-dist/fonts/type1/urw/helvetic/u
hvb8a.pfb></usr/share/texmf-dist/fonts/type1/urw/helvetic/uhvb8ac.pfb></usr/sha
re/texmf-dist/fonts/type1/urw/helvetic/uhvr8a.pfb>
Output written on refman.pdf (51 pages, 465245 bytes).
PDF statistics:
 2109 PDF objects out of 2487 (max. 8388607)
 1865 compressed objects within 19 object streams
 328 named destinations out of 1000 (max. 500000)
 1299 words of extra memory for PDF output out of 10000 (max. 10000000)

