\BOOKMARK [0][-]{chapter.1}{\376\377\0001\000\040\060\307\060\374\060\277\151\313\220\040\175\042\137\025}{}% 1
\BOOKMARK [1][-]{section.1.1}{\376\377\0001\000.\0001\000\040\060\307\060\374\060\277\151\313\220\040}{chapter.1}% 2
\BOOKMARK [0][-]{chapter.2}{\376\377\0002\000\040\060\325\060\241\060\244\060\353\175\042\137\025}{}% 3
\BOOKMARK [1][-]{section.2.1}{\376\377\0002\000.\0001\000\040\060\325\060\241\060\244\060\353\116\000\211\247}{chapter.2}% 4
\BOOKMARK [0][-]{chapter.3}{\376\377\0003\000\040\060\307\060\374\060\277\151\313\220\040\212\163\211\343}{}% 5
\BOOKMARK [1][-]{section.3.1}{\376\377\0003\000.\0001\000\040\000I\000D\000\040\151\313\220\040\117\123}{chapter.3}% 6
\BOOKMARK [2][-]{subsection.3.1.1}{\376\377\0003\000.\0001\000.\0001\000\040\212\163\211\343}{section.3.1}% 7
\BOOKMARK [2][-]{subsection.3.1.2}{\376\377\0003\000.\0001\000.\0002\000\040\060\325\060\243\060\374\060\353\060\311\212\163\211\343}{section.3.1}% 8
\BOOKMARK [3][-]{subsubsection.3.1.2.1}{\376\377\0003\000.\0001\000.\0002\000.\0001\000\040\000c\000o\000u\000n\000t}{subsection.3.1.2}% 9
\BOOKMARK [3][-]{subsubsection.3.1.2.2}{\376\377\0003\000.\0001\000.\0002\000.\0002\000\040\000n\000a\000m\000e}{subsection.3.1.2}% 10
\BOOKMARK [3][-]{subsubsection.3.1.2.3}{\376\377\0003\000.\0001\000.\0002\000.\0003\000\040\000n\000e\000x\000t\000p}{subsection.3.1.2}% 11
\BOOKMARK [1][-]{section.3.2}{\376\377\0003\000.\0002\000\040\000K\000E\000Y\000\040\151\313\220\040\117\123}{chapter.3}% 12
\BOOKMARK [2][-]{subsection.3.2.1}{\376\377\0003\000.\0002\000.\0001\000\040\212\163\211\343}{section.3.2}% 13
\BOOKMARK [2][-]{subsection.3.2.2}{\376\377\0003\000.\0002\000.\0002\000\040\060\325\060\243\060\374\060\353\060\311\212\163\211\343}{section.3.2}% 14
\BOOKMARK [3][-]{subsubsection.3.2.2.1}{\376\377\0003\000.\0002\000.\0002\000.\0001\000\040\000k\000e\000y\000t\000o\000k\000e\000n}{subsection.3.2.2}% 15
\BOOKMARK [3][-]{subsubsection.3.2.2.2}{\376\377\0003\000.\0002\000.\0002\000.\0002\000\040\000k\000e\000y\000w\000o\000r\000d}{subsection.3.2.2}% 16
\BOOKMARK [0][-]{chapter.4}{\376\377\0004\000\040\060\325\060\241\060\244\060\353\212\163\211\343}{}% 17
\BOOKMARK [1][-]{section.4.1}{\376\377\0004\000.\0001\000\040\000i\000d\000-\000l\000i\000s\000t\000.\000c\000\040\060\325\060\241\060\244\060\353}{chapter.4}% 18
\BOOKMARK [2][-]{subsection.4.1.1}{\376\377\0004\000.\0001\000.\0001\000\040\225\242\145\160\212\163\211\343}{section.4.1}% 19
\BOOKMARK [3][-]{subsubsection.4.1.1.1}{\376\377\0004\000.\0001\000.\0001\000.\0001\000\040\000i\000d\000\137\000c\000o\000u\000n\000t\000u\000p\000\050\000\051}{subsection.4.1.1}% 20
\BOOKMARK [3][-]{subsubsection.4.1.1.2}{\376\377\0004\000.\0001\000.\0001\000.\0002\000\040\000i\000n\000i\000t\000\137\000i\000d\000t\000a\000b\000\050\000\051}{subsection.4.1.1}% 21
\BOOKMARK [3][-]{subsubsection.4.1.1.3}{\376\377\0004\000.\0001\000.\0001\000.\0003\000\040\000p\000r\000i\000n\000t\000\137\000i\000d\000t\000a\000b\000\050\000\051}{subsection.4.1.1}% 22
\BOOKMARK [3][-]{subsubsection.4.1.1.4}{\376\377\0004\000.\0001\000.\0001\000.\0004\000\040\000r\000e\000l\000e\000a\000s\000e\000\137\000i\000d\000t\000a\000b\000\050\000\051}{subsection.4.1.1}% 23
\BOOKMARK [3][-]{subsubsection.4.1.1.5}{\376\377\0004\000.\0001\000.\0001\000.\0005\000\040\000s\000e\000a\000r\000c\000h\000\137\000i\000d\000t\000a\000b\000\050\000\051}{subsection.4.1.1}% 24
\BOOKMARK [2][-]{subsection.4.1.2}{\376\377\0004\000.\0001\000.\0002\000\040\131\011\145\160\212\163\211\343}{section.4.1}% 25
\BOOKMARK [3][-]{subsubsection.4.1.2.1}{\376\377\0004\000.\0001\000.\0002\000.\0001\000\040\000i\000d\000r\000o\000o\000t}{subsection.4.1.2}% 26
\BOOKMARK [1][-]{section.4.2}{\376\377\0004\000.\0002\000\040\000s\000c\000a\000n\000.\000c\000\040\060\325\060\241\060\244\060\353}{chapter.4}% 27
\BOOKMARK [2][-]{subsection.4.2.1}{\376\377\0004\000.\0002\000.\0001\000\040\225\242\145\160\212\163\211\343}{section.4.2}% 28
\BOOKMARK [3][-]{subsubsection.4.2.1.1}{\376\377\0004\000.\0002\000.\0001\000.\0001\000\040\000\137\000i\000s\000b\000l\000a\000n\000k\000\050\000\051}{subsection.4.2.1}% 29
\BOOKMARK [3][-]{subsubsection.4.2.1.2}{\376\377\0004\000.\0002\000.\0001\000.\0002\000\040\000e\000n\000d\000\137\000s\000c\000a\000n\000\050\000\051}{subsection.4.2.1}% 30
\BOOKMARK [3][-]{subsubsection.4.2.1.3}{\376\377\0004\000.\0002\000.\0001\000.\0003\000\040\000g\000e\000t\000\137\000k\000e\000y\000w\000o\000r\000d\000\137\000t\000o\000k\000e\000n\000\137\000c\000o\000d\000e\000\050\000\051}{subsection.4.2.1}% 31
\BOOKMARK [3][-]{subsubsection.4.2.1.4}{\376\377\0004\000.\0002\000.\0001\000.\0004\000\040\000g\000e\000t\000\137\000l\000i\000n\000e\000n\000u\000m\000\050\000\051}{subsection.4.2.1}% 32
\BOOKMARK [3][-]{subsubsection.4.2.1.5}{\376\377\0004\000.\0002\000.\0001\000.\0005\000\040\000i\000n\000i\000t\000\137\000s\000c\000a\000n\000\050\000\051}{subsection.4.2.1}% 33
\BOOKMARK [3][-]{subsubsection.4.2.1.6}{\376\377\0004\000.\0002\000.\0001\000.\0006\000\040\000l\000o\000o\000k\000\137\000a\000h\000e\000a\000d\000\050\000\051}{subsection.4.2.1}% 34
\BOOKMARK [3][-]{subsubsection.4.2.1.7}{\376\377\0004\000.\0002\000.\0001\000.\0007\000\040\000s\000c\000a\000n\000\050\000\051}{subsection.4.2.1}% 35
\BOOKMARK [3][-]{subsubsection.4.2.1.8}{\376\377\0004\000.\0002\000.\0001\000.\0008\000\040\000s\000c\000a\000n\000\137\000a\000l\000n\000u\000m\000\050\000\051}{subsection.4.2.1}% 36
\BOOKMARK [3][-]{subsubsection.4.2.1.9}{\376\377\0004\000.\0002\000.\0001\000.\0009\000\040\000s\000c\000a\000n\000\137\000c\000o\000m\000m\000e\000n\000t\000\050\000\051}{subsection.4.2.1}% 37
\BOOKMARK [3][-]{subsubsection.4.2.1.10}{\376\377\0004\000.\0002\000.\0001\000.\0001\0000\000\040\000s\000c\000a\000n\000\137\000d\000i\000g\000i\000t\000\050\000\051}{subsection.4.2.1}% 38
\BOOKMARK [3][-]{subsubsection.4.2.1.11}{\376\377\0004\000.\0002\000.\0001\000.\0001\0001\000\040\000s\000c\000a\000n\000\137\000s\000t\000r\000i\000n\000g\000\050\000\051}{subsection.4.2.1}% 39
\BOOKMARK [3][-]{subsubsection.4.2.1.12}{\376\377\0004\000.\0002\000.\0001\000.\0001\0002\000\040\000s\000c\000a\000n\000\137\000s\000y\000m\000b\000o\000l\000\050\000\051}{subsection.4.2.1}% 40
\BOOKMARK [3][-]{subsubsection.4.2.1.13}{\376\377\0004\000.\0002\000.\0001\000.\0001\0003\000\040\000s\000e\000t\000\137\000t\000o\000k\000e\000n\000\137\000l\000i\000n\000e\000n\000u\000m\000\050\000\051}{subsection.4.2.1}% 41
\BOOKMARK [3][-]{subsubsection.4.2.1.14}{\376\377\0004\000.\0002\000.\0001\000.\0001\0004\000\040\000s\000t\000r\000i\000n\000g\000\137\000a\000t\000t\000r\000\137\000p\000u\000s\000h\000\137\000b\000a\000c\000k\000\050\000\051}{subsection.4.2.1}% 42
\BOOKMARK [2][-]{subsection.4.2.2}{\376\377\0004\000.\0002\000.\0002\000\040\131\011\145\160\212\163\211\343}{section.4.2}% 43
\BOOKMARK [3][-]{subsubsection.4.2.2.1}{\376\377\0004\000.\0002\000.\0002\000.\0001\000\040\000c\000u\000r\000r\000e\000n\000t\000\137\000c\000h\000a\000r}{subsection.4.2.2}% 44
\BOOKMARK [3][-]{subsubsection.4.2.2.2}{\376\377\0004\000.\0002\000.\0002\000.\0002\000\040\000f\000p}{subsection.4.2.2}% 45
\BOOKMARK [3][-]{subsubsection.4.2.2.3}{\376\377\0004\000.\0002\000.\0002\000.\0003\000\040\000l\000i\000n\000e\000n\000u\000m}{subsection.4.2.2}% 46
\BOOKMARK [3][-]{subsubsection.4.2.2.4}{\376\377\0004\000.\0002\000.\0002\000.\0004\000\040\000n\000e\000x\000t\000\137\000c\000h\000a\000r}{subsection.4.2.2}% 47
\BOOKMARK [3][-]{subsubsection.4.2.2.5}{\376\377\0004\000.\0002\000.\0002\000.\0005\000\040\000n\000u\000m\000\137\000a\000t\000t\000r}{subsection.4.2.2}% 48
\BOOKMARK [3][-]{subsubsection.4.2.2.6}{\376\377\0004\000.\0002\000.\0002\000.\0006\000\040\000s\000t\000r\000i\000n\000g\000\137\000a\000t\000t\000r}{subsection.4.2.2}% 49
\BOOKMARK [3][-]{subsubsection.4.2.2.7}{\376\377\0004\000.\0002\000.\0002\000.\0007\000\040\000t\000o\000k\000e\000n\000\137\000l\000i\000n\000e\000n\000u\000m}{subsection.4.2.2}% 50
\BOOKMARK [1][-]{section.4.3}{\376\377\0004\000.\0003\000\040\000t\000o\000k\000e\000n\000-\000l\000i\000s\000t\000.\000c\000\040\060\325\060\241\060\244\060\353}{chapter.4}% 51
\BOOKMARK [2][-]{subsection.4.3.1}{\376\377\0004\000.\0003\000.\0001\000\040\225\242\145\160\212\163\211\343}{section.4.3}% 52
\BOOKMARK [3][-]{subsubsection.4.3.1.1}{\376\377\0004\000.\0003\000.\0001\000.\0001\000\040\000e\000r\000r\000o\000r\000\050\000\051}{subsection.4.3.1}% 53
\BOOKMARK [3][-]{subsubsection.4.3.1.2}{\376\377\0004\000.\0003\000.\0001\000.\0002\000\040\000m\000a\000i\000n\000\050\000\051}{subsection.4.3.1}% 54
\BOOKMARK [2][-]{subsection.4.3.2}{\376\377\0004\000.\0003\000.\0002\000\040\131\011\145\160\212\163\211\343}{section.4.3}% 55
\BOOKMARK [3][-]{subsubsection.4.3.2.1}{\376\377\0004\000.\0003\000.\0002\000.\0001\000\040\000k\000e\000y}{subsection.4.3.2}% 56
\BOOKMARK [3][-]{subsubsection.4.3.2.2}{\376\377\0004\000.\0003\000.\0002\000.\0002\000\040\000n\000u\000m\000t\000o\000k\000e\000n}{subsection.4.3.2}% 57
\BOOKMARK [3][-]{subsubsection.4.3.2.3}{\376\377\0004\000.\0003\000.\0002\000.\0003\000\040\000t\000o\000k\000e\000n\000s\000t\000r}{subsection.4.3.2}% 58
\BOOKMARK [1][-]{section.4.4}{\376\377\0004\000.\0004\000\040\000t\000o\000k\000e\000n\000-\000l\000i\000s\000t\000.\000h\000\040\060\325\060\241\060\244\060\353}{chapter.4}% 59
\BOOKMARK [2][-]{subsection.4.4.1}{\376\377\0004\000.\0004\000.\0001\000\040\060\336\060\257\060\355\133\232\177\251\212\163\211\343}{section.4.4}% 60
\BOOKMARK [3][-]{subsubsection.4.4.1.1}{\376\377\0004\000.\0004\000.\0001\000.\0001\000\040\000K\000E\000Y\000W\000O\000R\000D\000S\000I\000Z\000E}{subsection.4.4.1}% 61
\BOOKMARK [3][-]{subsubsection.4.4.1.2}{\376\377\0004\000.\0004\000.\0001\000.\0002\000\040\000M\000A\000X\000\137\000N\000U\000M\000\137\000A\000T\000T\000R}{subsection.4.4.1}% 62
\BOOKMARK [3][-]{subsubsection.4.4.1.3}{\376\377\0004\000.\0004\000.\0001\000.\0003\000\040\000M\000A\000X\000S\000T\000R\000S\000I\000Z\000E}{subsection.4.4.1}% 63
\BOOKMARK [3][-]{subsubsection.4.4.1.4}{\376\377\0004\000.\0004\000.\0001\000.\0004\000\040\000N\000U\000M\000O\000F\000T\000O\000K\000E\000N}{subsection.4.4.1}% 64
\BOOKMARK [3][-]{subsubsection.4.4.1.5}{\376\377\0004\000.\0004\000.\0001\000.\0005\000\040\000T\000A\000N\000D}{subsection.4.4.1}% 65
\BOOKMARK [3][-]{subsubsection.4.4.1.6}{\376\377\0004\000.\0004\000.\0001\000.\0006\000\040\000T\000A\000R\000R\000A\000Y}{subsection.4.4.1}% 66
\BOOKMARK [3][-]{subsubsection.4.4.1.7}{\376\377\0004\000.\0004\000.\0001\000.\0007\000\040\000T\000A\000S\000S\000I\000G\000N}{subsection.4.4.1}% 67
\BOOKMARK [3][-]{subsubsection.4.4.1.8}{\376\377\0004\000.\0004\000.\0001\000.\0008\000\040\000T\000B\000E\000G\000I\000N}{subsection.4.4.1}% 68
\BOOKMARK [3][-]{subsubsection.4.4.1.9}{\376\377\0004\000.\0004\000.\0001\000.\0009\000\040\000T\000B\000O\000O\000L\000E\000A\000N}{subsection.4.4.1}% 69
\BOOKMARK [3][-]{subsubsection.4.4.1.10}{\376\377\0004\000.\0004\000.\0001\000.\0001\0000\000\040\000T\000B\000R\000E\000A\000K}{subsection.4.4.1}% 70
\BOOKMARK [3][-]{subsubsection.4.4.1.11}{\376\377\0004\000.\0004\000.\0001\000.\0001\0001\000\040\000T\000C\000A\000L\000L}{subsection.4.4.1}% 71
\BOOKMARK [3][-]{subsubsection.4.4.1.12}{\376\377\0004\000.\0004\000.\0001\000.\0001\0002\000\040\000T\000C\000H\000A\000R}{subsection.4.4.1}% 72
\BOOKMARK [3][-]{subsubsection.4.4.1.13}{\376\377\0004\000.\0004\000.\0001\000.\0001\0003\000\040\000T\000C\000O\000L\000O\000N}{subsection.4.4.1}% 73
\BOOKMARK [3][-]{subsubsection.4.4.1.14}{\376\377\0004\000.\0004\000.\0001\000.\0001\0004\000\040\000T\000C\000O\000M\000M\000A}{subsection.4.4.1}% 74
\BOOKMARK [3][-]{subsubsection.4.4.1.15}{\376\377\0004\000.\0004\000.\0001\000.\0001\0005\000\040\000T\000D\000I\000V}{subsection.4.4.1}% 75
\BOOKMARK [3][-]{subsubsection.4.4.1.16}{\376\377\0004\000.\0004\000.\0001\000.\0001\0006\000\040\000T\000D\000O}{subsection.4.4.1}% 76
\BOOKMARK [3][-]{subsubsection.4.4.1.17}{\376\377\0004\000.\0004\000.\0001\000.\0001\0007\000\040\000T\000D\000O\000T}{subsection.4.4.1}% 77
\BOOKMARK [3][-]{subsubsection.4.4.1.18}{\376\377\0004\000.\0004\000.\0001\000.\0001\0008\000\040\000T\000E\000L\000S\000E}{subsection.4.4.1}% 78
\BOOKMARK [3][-]{subsubsection.4.4.1.19}{\376\377\0004\000.\0004\000.\0001\000.\0001\0009\000\040\000T\000E\000N\000D}{subsection.4.4.1}% 79
\BOOKMARK [3][-]{subsubsection.4.4.1.20}{\376\377\0004\000.\0004\000.\0001\000.\0002\0000\000\040\000T\000E\000Q\000U\000A\000L}{subsection.4.4.1}% 80
\BOOKMARK [3][-]{subsubsection.4.4.1.21}{\376\377\0004\000.\0004\000.\0001\000.\0002\0001\000\040\000T\000F\000A\000L\000S\000E}{subsection.4.4.1}% 81
\BOOKMARK [3][-]{subsubsection.4.4.1.22}{\376\377\0004\000.\0004\000.\0001\000.\0002\0002\000\040\000T\000G\000R}{subsection.4.4.1}% 82
\BOOKMARK [3][-]{subsubsection.4.4.1.23}{\376\377\0004\000.\0004\000.\0001\000.\0002\0003\000\040\000T\000G\000R\000E\000Q}{subsection.4.4.1}% 83
\BOOKMARK [3][-]{subsubsection.4.4.1.24}{\376\377\0004\000.\0004\000.\0001\000.\0002\0004\000\040\000T\000I\000F}{subsection.4.4.1}% 84
\BOOKMARK [3][-]{subsubsection.4.4.1.25}{\376\377\0004\000.\0004\000.\0001\000.\0002\0005\000\040\000T\000I\000N\000T\000E\000G\000E\000R}{subsection.4.4.1}% 85
\BOOKMARK [3][-]{subsubsection.4.4.1.26}{\376\377\0004\000.\0004\000.\0001\000.\0002\0006\000\040\000T\000L\000E}{subsection.4.4.1}% 86
\BOOKMARK [3][-]{subsubsection.4.4.1.27}{\376\377\0004\000.\0004\000.\0001\000.\0002\0007\000\040\000T\000L\000E\000E\000Q}{subsection.4.4.1}% 87
\BOOKMARK [3][-]{subsubsection.4.4.1.28}{\376\377\0004\000.\0004\000.\0001\000.\0002\0008\000\040\000T\000L\000P\000A\000R\000E\000N}{subsection.4.4.1}% 88
\BOOKMARK [3][-]{subsubsection.4.4.1.29}{\376\377\0004\000.\0004\000.\0001\000.\0002\0009\000\040\000T\000L\000S\000Q\000P\000A\000R\000E\000N}{subsection.4.4.1}% 89
\BOOKMARK [3][-]{subsubsection.4.4.1.30}{\376\377\0004\000.\0004\000.\0001\000.\0003\0000\000\040\000T\000M\000I\000N\000U\000S}{subsection.4.4.1}% 90
\BOOKMARK [3][-]{subsubsection.4.4.1.31}{\376\377\0004\000.\0004\000.\0001\000.\0003\0001\000\040\000T\000N\000A\000M\000E}{subsection.4.4.1}% 91
\BOOKMARK [3][-]{subsubsection.4.4.1.32}{\376\377\0004\000.\0004\000.\0001\000.\0003\0002\000\040\000T\000N\000O\000T}{subsection.4.4.1}% 92
\BOOKMARK [3][-]{subsubsection.4.4.1.33}{\376\377\0004\000.\0004\000.\0001\000.\0003\0003\000\040\000T\000N\000O\000T\000E\000Q}{subsection.4.4.1}% 93
\BOOKMARK [3][-]{subsubsection.4.4.1.34}{\376\377\0004\000.\0004\000.\0001\000.\0003\0004\000\040\000T\000N\000U\000M\000B\000E\000R}{subsection.4.4.1}% 94
\BOOKMARK [3][-]{subsubsection.4.4.1.35}{\376\377\0004\000.\0004\000.\0001\000.\0003\0005\000\040\000T\000O\000F}{subsection.4.4.1}% 95
\BOOKMARK [3][-]{subsubsection.4.4.1.36}{\376\377\0004\000.\0004\000.\0001\000.\0003\0006\000\040\000T\000O\000R}{subsection.4.4.1}% 96
\BOOKMARK [3][-]{subsubsection.4.4.1.37}{\376\377\0004\000.\0004\000.\0001\000.\0003\0007\000\040\000T\000P\000L\000U\000S}{subsection.4.4.1}% 97
\BOOKMARK [3][-]{subsubsection.4.4.1.38}{\376\377\0004\000.\0004\000.\0001\000.\0003\0008\000\040\000T\000P\000R\000O\000C\000E\000D\000U\000R\000E}{subsection.4.4.1}% 98
\BOOKMARK [3][-]{subsubsection.4.4.1.39}{\376\377\0004\000.\0004\000.\0001\000.\0003\0009\000\040\000T\000P\000R\000O\000G\000R\000A\000M}{subsection.4.4.1}% 99
\BOOKMARK [3][-]{subsubsection.4.4.1.40}{\376\377\0004\000.\0004\000.\0001\000.\0004\0000\000\040\000T\000R\000E\000A\000D}{subsection.4.4.1}% 100
\BOOKMARK [3][-]{subsubsection.4.4.1.41}{\376\377\0004\000.\0004\000.\0001\000.\0004\0001\000\040\000T\000R\000E\000A\000D\000L\000N}{subsection.4.4.1}% 101
\BOOKMARK [3][-]{subsubsection.4.4.1.42}{\376\377\0004\000.\0004\000.\0001\000.\0004\0002\000\040\000T\000R\000E\000T\000U\000R\000N}{subsection.4.4.1}% 102
\BOOKMARK [3][-]{subsubsection.4.4.1.43}{\376\377\0004\000.\0004\000.\0001\000.\0004\0003\000\040\000T\000R\000P\000A\000R\000E\000N}{subsection.4.4.1}% 103
\BOOKMARK [3][-]{subsubsection.4.4.1.44}{\376\377\0004\000.\0004\000.\0001\000.\0004\0004\000\040\000T\000R\000S\000Q\000P\000A\000R\000E\000N}{subsection.4.4.1}% 104
\BOOKMARK [3][-]{subsubsection.4.4.1.45}{\376\377\0004\000.\0004\000.\0001\000.\0004\0005\000\040\000T\000S\000E\000M\000I}{subsection.4.4.1}% 105
\BOOKMARK [3][-]{subsubsection.4.4.1.46}{\376\377\0004\000.\0004\000.\0001\000.\0004\0006\000\040\000T\000S\000T\000A\000R}{subsection.4.4.1}% 106
\BOOKMARK [3][-]{subsubsection.4.4.1.47}{\376\377\0004\000.\0004\000.\0001\000.\0004\0007\000\040\000T\000S\000T\000R\000I\000N\000G}{subsection.4.4.1}% 107
\BOOKMARK [3][-]{subsubsection.4.4.1.48}{\376\377\0004\000.\0004\000.\0001\000.\0004\0008\000\040\000T\000T\000H\000E\000N}{subsection.4.4.1}% 108
\BOOKMARK [3][-]{subsubsection.4.4.1.49}{\376\377\0004\000.\0004\000.\0001\000.\0004\0009\000\040\000T\000T\000R\000U\000E}{subsection.4.4.1}% 109
\BOOKMARK [3][-]{subsubsection.4.4.1.50}{\376\377\0004\000.\0004\000.\0001\000.\0005\0000\000\040\000T\000V\000A\000R}{subsection.4.4.1}% 110
\BOOKMARK [3][-]{subsubsection.4.4.1.51}{\376\377\0004\000.\0004\000.\0001\000.\0005\0001\000\040\000T\000W\000H\000I\000L\000E}{subsection.4.4.1}% 111
\BOOKMARK [3][-]{subsubsection.4.4.1.52}{\376\377\0004\000.\0004\000.\0001\000.\0005\0002\000\040\000T\000W\000R\000I\000T\000E}{subsection.4.4.1}% 112
\BOOKMARK [3][-]{subsubsection.4.4.1.53}{\376\377\0004\000.\0004\000.\0001\000.\0005\0003\000\040\000T\000W\000R\000I\000T\000E\000L\000N}{subsection.4.4.1}% 113
\BOOKMARK [2][-]{subsection.4.4.2}{\376\377\0004\000.\0004\000.\0002\000\040\225\242\145\160\212\163\211\343}{section.4.4}% 114
\BOOKMARK [3][-]{subsubsection.4.4.2.1}{\376\377\0004\000.\0004\000.\0002\000.\0001\000\040\000e\000n\000d\000\137\000s\000c\000a\000n\000\050\000\051}{subsection.4.4.2}% 115
\BOOKMARK [3][-]{subsubsection.4.4.2.2}{\376\377\0004\000.\0004\000.\0002\000.\0002\000\040\000e\000r\000r\000o\000r\000\050\000\051}{subsection.4.4.2}% 116
\BOOKMARK [3][-]{subsubsection.4.4.2.3}{\376\377\0004\000.\0004\000.\0002\000.\0003\000\040\000g\000e\000t\000\137\000l\000i\000n\000e\000n\000u\000m\000\050\000\051}{subsection.4.4.2}% 117
\BOOKMARK [3][-]{subsubsection.4.4.2.4}{\376\377\0004\000.\0004\000.\0002\000.\0004\000\040\000i\000n\000i\000t\000\137\000s\000c\000a\000n\000\050\000\051}{subsection.4.4.2}% 118
\BOOKMARK [3][-]{subsubsection.4.4.2.5}{\376\377\0004\000.\0004\000.\0002\000.\0005\000\040\000s\000c\000a\000n\000\050\000\051}{subsection.4.4.2}% 119
\BOOKMARK [2][-]{subsection.4.4.3}{\376\377\0004\000.\0004\000.\0003\000\040\131\011\145\160\212\163\211\343}{section.4.4}% 120
\BOOKMARK [3][-]{subsubsection.4.4.3.1}{\376\377\0004\000.\0004\000.\0003\000.\0001\000\040\000f\000p}{subsection.4.4.3}% 121
\BOOKMARK [3][-]{subsubsection.4.4.3.2}{\376\377\0004\000.\0004\000.\0003\000.\0002\000\040\000k\000e\000y}{subsection.4.4.3}% 122
\BOOKMARK [3][-]{subsubsection.4.4.3.3}{\376\377\0004\000.\0004\000.\0003\000.\0003\000\040\000n\000u\000m\000\137\000a\000t\000t\000r}{subsection.4.4.3}% 123
\BOOKMARK [3][-]{subsubsection.4.4.3.4}{\376\377\0004\000.\0004\000.\0003\000.\0004\000\040\000s\000t\000r\000i\000n\000g\000\137\000a\000t\000t\000r}{subsection.4.4.3}% 124
\BOOKMARK [0][-]{section*.52}{\376\377\000I\000n\000d\000e\000x}{}% 125
